[2025-07-24T15:39:23.668+0000] {local_task_job_runner.py:120} INFO - ::group::Pre task execution logs
[2025-07-24T15:39:23.703+0000] {taskinstance.py:2076} INFO - Dependencies all met for dep_context=non-requeueable deps ti=<TaskInstance: tunestream_etl.stage_songs manual__2025-07-24T15:39:18.117984+00:00 [queued]>
[2025-07-24T15:39:23.716+0000] {taskinstance.py:2076} INFO - Dependencies all met for dep_context=requeueable deps ti=<TaskInstance: tunestream_etl.stage_songs manual__2025-07-24T15:39:18.117984+00:00 [queued]>
[2025-07-24T15:39:23.717+0000] {taskinstance.py:2306} INFO - Starting attempt 1 of 4
[2025-07-24T15:39:23.733+0000] {taskinstance.py:2330} INFO - Executing <Task(PythonOperator): stage_songs> on 2025-07-24 15:39:18.117984+00:00
[2025-07-24T15:39:23.741+0000] {logging_mixin.py:188} WARNING - /home/***/.local/lib/python3.12/site-packages/***/task/task_runner/standard_task_runner.py:62 DeprecationWarning: This process (pid=4295) is multi-threaded, use of fork() may lead to deadlocks in the child.
[2025-07-24T15:39:23.740+0000] {standard_task_runner.py:90} INFO - Running: ['***', 'tasks', 'run', 'tunestream_etl', 'stage_songs', 'manual__2025-07-24T15:39:18.117984+00:00', '--job-id', '60', '--raw', '--subdir', 'DAGS_FOLDER/tunestream_etl_dag.py', '--cfg-path', '/tmp/tmpu10kdsom']
[2025-07-24T15:39:23.743+0000] {standard_task_runner.py:91} INFO - Job 60: Subtask stage_songs
[2025-07-24T15:39:23.742+0000] {standard_task_runner.py:64} INFO - Started process 4296 to run task
[2025-07-24T15:39:23.766+0000] {logging_mixin.py:188} WARNING - /home/***/.local/lib/python3.12/site-packages/***/settings.py:195 DeprecationWarning: The sql_alchemy_conn option in [core] has been moved to the sql_alchemy_conn option in [database] - the old setting has been used, but please update your config.
[2025-07-24T15:39:23.817+0000] {task_command.py:426} INFO - Running <TaskInstance: tunestream_etl.stage_songs manual__2025-07-24T15:39:18.117984+00:00 [running]> on host da6b6b72382b
[2025-07-24T15:39:23.966+0000] {taskinstance.py:2648} INFO - Exporting env vars: AIRFLOW_CTX_DAG_OWNER='NamTH91' AIRFLOW_CTX_DAG_ID='tunestream_etl' AIRFLOW_CTX_TASK_ID='stage_songs' AIRFLOW_CTX_EXECUTION_DATE='2025-07-24T15:39:18.117984+00:00' AIRFLOW_CTX_TRY_NUMBER='1' AIRFLOW_CTX_DAG_RUN_ID='manual__2025-07-24T15:39:18.117984+00:00'
[2025-07-24T15:39:23.968+0000] {taskinstance.py:430} INFO - ::endgroup::
[2025-07-24T15:39:24.067+0000] {logging_mixin.py:188} INFO - tổng số file json tìm được là 71
[2025-07-24T15:39:24.723+0000] {logging_mixin.py:188} INFO - đã chèn dữ liệu vào 
[2025-07-24T15:39:24.724+0000] {python.py:237} INFO - Done. Returned value was: None
[2025-07-24T15:39:24.725+0000] {taskinstance.py:441} INFO - ::group::Post task execution logs
[2025-07-24T15:39:24.733+0000] {taskinstance.py:1206} INFO - Marking task as SUCCESS. dag_id=tunestream_etl, task_id=stage_songs, run_id=manual__2025-07-24T15:39:18.117984+00:00, execution_date=20250724T153918, start_date=20250724T153923, end_date=20250724T153924
[2025-07-24T15:39:24.761+0000] {local_task_job_runner.py:243} INFO - Task exited with return code 0
[2025-07-24T15:39:24.778+0000] {taskinstance.py:3503} INFO - 0 downstream tasks scheduled from follow-on schedule check
[2025-07-24T15:39:24.784+0000] {local_task_job_runner.py:222} INFO - ::endgroup::
