[2025-07-22T06:20:52.317+0000] {local_task_job_runner.py:120} INFO - ::group::Pre task execution logs
[2025-07-22T06:20:52.349+0000] {taskinstance.py:2076} INFO - Dependencies all met for dep_context=non-requeueable deps ti=<TaskInstance: conditional_prime_dag.T3 manual__2025-07-22T13:20:30+07:00 [queued]>
[2025-07-22T06:20:52.365+0000] {taskinstance.py:2076} INFO - Dependencies all met for dep_context=requeueable deps ti=<TaskInstance: conditional_prime_dag.T3 manual__2025-07-22T13:20:30+07:00 [queued]>
[2025-07-22T06:20:52.366+0000] {taskinstance.py:2306} INFO - Starting attempt 1 of 1
[2025-07-22T06:20:52.389+0000] {taskinstance.py:2330} INFO - Executing <Task(PythonOperator): T3> on 2025-07-22 06:20:30+00:00
[2025-07-22T06:20:52.399+0000] {standard_task_runner.py:90} INFO - Running: ['***', 'tasks', 'run', 'conditional_prime_dag', 'T3', 'manual__2025-07-22T13:20:30+07:00', '--job-id', '10', '--raw', '--subdir', 'DAGS_FOLDER/task1.py', '--cfg-path', '/tmp/tmpyg5cvifw']
[2025-07-22T06:20:52.406+0000] {standard_task_runner.py:91} INFO - Job 10: Subtask T3
[2025-07-22T06:20:52.408+0000] {logging_mixin.py:188} WARNING - /home/***/.local/lib/python3.12/site-packages/***/task/task_runner/standard_task_runner.py:62 DeprecationWarning: This process (pid=230) is multi-threaded, use of fork() may lead to deadlocks in the child.
[2025-07-22T06:20:52.411+0000] {standard_task_runner.py:64} INFO - Started process 231 to run task
[2025-07-22T06:20:52.429+0000] {logging_mixin.py:188} WARNING - /home/***/.local/lib/python3.12/site-packages/***/settings.py:195 DeprecationWarning: The sql_alchemy_conn option in [core] has been moved to the sql_alchemy_conn option in [database] - the old setting has been used, but please update your config.
[2025-07-22T06:20:52.477+0000] {task_command.py:426} INFO - Running <TaskInstance: conditional_prime_dag.T3 manual__2025-07-22T13:20:30+07:00 [running]> on host 7b3eb14378b0
[2025-07-22T06:20:52.569+0000] {taskinstance.py:2648} INFO - Exporting env vars: AIRFLOW_CTX_DAG_OWNER='***' AIRFLOW_CTX_DAG_ID='conditional_prime_dag' AIRFLOW_CTX_TASK_ID='T3' AIRFLOW_CTX_EXECUTION_DATE='2025-07-22T06:20:30+00:00' AIRFLOW_CTX_TRY_NUMBER='1' AIRFLOW_CTX_DAG_RUN_ID='manual__2025-07-22T13:20:30+07:00'
[2025-07-22T06:20:52.570+0000] {taskinstance.py:430} INFO - ::endgroup::
[2025-07-22T06:20:52.581+0000] {logging_mixin.py:188} INFO - Prime numbers up to 16: [2, 3, 5, 7, 11, 13]
[2025-07-22T06:20:52.582+0000] {python.py:237} INFO - Done. Returned value was: None
[2025-07-22T06:20:52.583+0000] {taskinstance.py:441} INFO - ::group::Post task execution logs
[2025-07-22T06:20:52.593+0000] {taskinstance.py:1206} INFO - Marking task as SUCCESS. dag_id=conditional_prime_dag, task_id=T3, run_id=manual__2025-07-22T13:20:30+07:00, execution_date=20250722T062030, start_date=20250722T062052, end_date=20250722T062052
[2025-07-22T06:20:52.627+0000] {local_task_job_runner.py:243} INFO - Task exited with return code 0
[2025-07-22T06:20:52.652+0000] {taskinstance.py:3503} INFO - 0 downstream tasks scheduled from follow-on schedule check
[2025-07-22T06:20:52.659+0000] {local_task_job_runner.py:222} INFO - ::endgroup::
