[2025-07-21T04:28:40.694+0000] {local_task_job_runner.py:120} INFO - ::group::Pre task execution logs
[2025-07-21T04:28:40.722+0000] {taskinstance.py:2076} INFO - Dependencies all met for dep_context=non-requeueable deps ti=<TaskInstance: conditional_prime_dag.T3 manual__2025-07-21T11:28:23+07:00 [queued]>
[2025-07-21T04:28:40.733+0000] {taskinstance.py:2076} INFO - Dependencies all met for dep_context=requeueable deps ti=<TaskInstance: conditional_prime_dag.T3 manual__2025-07-21T11:28:23+07:00 [queued]>
[2025-07-21T04:28:40.734+0000] {taskinstance.py:2306} INFO - Starting attempt 1 of 1
[2025-07-21T04:28:40.748+0000] {taskinstance.py:2330} INFO - Executing <Task(PythonOperator): T3> on 2025-07-21 04:28:23+00:00
[2025-07-21T04:28:40.756+0000] {logging_mixin.py:188} WARNING - /home/***/.local/lib/python3.12/site-packages/***/task/task_runner/standard_task_runner.py:62 DeprecationWarning: This process (pid=2046) is multi-threaded, use of fork() may lead to deadlocks in the child.
[2025-07-21T04:28:40.757+0000] {standard_task_runner.py:64} INFO - Started process 2047 to run task
[2025-07-21T04:28:40.756+0000] {standard_task_runner.py:90} INFO - Running: ['***', 'tasks', 'run', 'conditional_prime_dag', 'T3', 'manual__2025-07-21T11:28:23+07:00', '--job-id', '7', '--raw', '--subdir', 'DAGS_FOLDER/task1.py', '--cfg-path', '/tmp/tmp5fnoel5c']
[2025-07-21T04:28:40.758+0000] {standard_task_runner.py:91} INFO - Job 7: Subtask T3
[2025-07-21T04:28:40.776+0000] {logging_mixin.py:188} WARNING - /home/***/.local/lib/python3.12/site-packages/***/settings.py:195 DeprecationWarning: The sql_alchemy_conn option in [core] has been moved to the sql_alchemy_conn option in [database] - the old setting has been used, but please update your config.
[2025-07-21T04:28:40.807+0000] {task_command.py:426} INFO - Running <TaskInstance: conditional_prime_dag.T3 manual__2025-07-21T11:28:23+07:00 [running]> on host 7b3eb14378b0
[2025-07-21T04:28:40.899+0000] {taskinstance.py:2648} INFO - Exporting env vars: AIRFLOW_CTX_DAG_OWNER='***' AIRFLOW_CTX_DAG_ID='conditional_prime_dag' AIRFLOW_CTX_TASK_ID='T3' AIRFLOW_CTX_EXECUTION_DATE='2025-07-21T04:28:23+00:00' AIRFLOW_CTX_TRY_NUMBER='1' AIRFLOW_CTX_DAG_RUN_ID='manual__2025-07-21T11:28:23+07:00'
[2025-07-21T04:28:40.900+0000] {taskinstance.py:430} INFO - ::endgroup::
[2025-07-21T04:28:40.911+0000] {logging_mixin.py:188} INFO - Prime numbers up to 29: [2, 3, 5, 7, 11, 13, 17, 19, 23, 29]
[2025-07-21T04:28:40.911+0000] {python.py:237} INFO - Done. Returned value was: None
[2025-07-21T04:28:40.912+0000] {taskinstance.py:441} INFO - ::group::Post task execution logs
[2025-07-21T04:28:40.921+0000] {taskinstance.py:1206} INFO - Marking task as SUCCESS. dag_id=conditional_prime_dag, task_id=T3, run_id=manual__2025-07-21T11:28:23+07:00, execution_date=20250721T042823, start_date=20250721T042840, end_date=20250721T042840
[2025-07-21T04:28:40.972+0000] {local_task_job_runner.py:243} INFO - Task exited with return code 0
[2025-07-21T04:28:40.990+0000] {taskinstance.py:3503} INFO - 0 downstream tasks scheduled from follow-on schedule check
[2025-07-21T04:28:40.995+0000] {local_task_job_runner.py:222} INFO - ::endgroup::
