[2025-07-24T17:08:44.951+0000] {local_task_job_runner.py:120} INFO - ::group::Pre task execution logs
[2025-07-24T17:08:44.972+0000] {taskinstance.py:2076} INFO - Dependencies all met for dep_context=non-requeueable deps ti=<TaskInstance: tunestream_etl.stage_songs manual__2025-07-24T17:08:24.333160+00:00 [queued]>
[2025-07-24T17:08:44.980+0000] {taskinstance.py:2076} INFO - Dependencies all met for dep_context=requeueable deps ti=<TaskInstance: tunestream_etl.stage_songs manual__2025-07-24T17:08:24.333160+00:00 [queued]>
[2025-07-24T17:08:44.981+0000] {taskinstance.py:2306} INFO - Starting attempt 1 of 4
[2025-07-24T17:08:44.994+0000] {taskinstance.py:2330} INFO - Executing <Task(PythonOperator): stage_songs> on 2025-07-24 17:08:24.333160+00:00
[2025-07-24T17:08:45.002+0000] {standard_task_runner.py:90} INFO - Running: ['***', 'tasks', 'run', 'tunestream_etl', 'stage_songs', 'manual__2025-07-24T17:08:24.333160+00:00', '--job-id', '94', '--raw', '--subdir', 'DAGS_FOLDER/tunestream_etl_dag.py', '--cfg-path', '/tmp/tmpvfds0b9r']
[2025-07-24T17:08:45.004+0000] {standard_task_runner.py:91} INFO - Job 94: Subtask stage_songs
[2025-07-24T17:08:45.011+0000] {logging_mixin.py:188} WARNING - /home/***/.local/lib/python3.12/site-packages/***/task/task_runner/standard_task_runner.py:62 DeprecationWarning: This process (pid=9051) is multi-threaded, use of fork() may lead to deadlocks in the child.
[2025-07-24T17:08:45.012+0000] {standard_task_runner.py:64} INFO - Started process 9052 to run task
[2025-07-24T17:08:45.017+0000] {logging_mixin.py:188} WARNING - /home/***/.local/lib/python3.12/site-packages/***/settings.py:195 DeprecationWarning: The sql_alchemy_conn option in [core] has been moved to the sql_alchemy_conn option in [database] - the old setting has been used, but please update your config.
[2025-07-24T17:08:45.045+0000] {task_command.py:426} INFO - Running <TaskInstance: tunestream_etl.stage_songs manual__2025-07-24T17:08:24.333160+00:00 [running]> on host da6b6b72382b
[2025-07-24T17:08:45.122+0000] {taskinstance.py:2648} INFO - Exporting env vars: AIRFLOW_CTX_DAG_OWNER='NamTH91' AIRFLOW_CTX_DAG_ID='tunestream_etl' AIRFLOW_CTX_TASK_ID='stage_songs' AIRFLOW_CTX_EXECUTION_DATE='2025-07-24T17:08:24.333160+00:00' AIRFLOW_CTX_TRY_NUMBER='1' AIRFLOW_CTX_DAG_RUN_ID='manual__2025-07-24T17:08:24.333160+00:00'
[2025-07-24T17:08:45.123+0000] {taskinstance.py:430} INFO - ::endgroup::
[2025-07-24T17:08:45.171+0000] {logging_mixin.py:188} INFO - tổng số file json tìm được là 71
[2025-07-24T17:08:45.539+0000] {logging_mixin.py:188} INFO - đã chèn dữ liệu vào 
[2025-07-24T17:08:45.540+0000] {python.py:237} INFO - Done. Returned value was: None
[2025-07-24T17:08:45.540+0000] {taskinstance.py:441} INFO - ::group::Post task execution logs
[2025-07-24T17:08:45.547+0000] {taskinstance.py:1206} INFO - Marking task as SUCCESS. dag_id=tunestream_etl, task_id=stage_songs, run_id=manual__2025-07-24T17:08:24.333160+00:00, execution_date=20250724T170824, start_date=20250724T170844, end_date=20250724T170845
[2025-07-24T17:08:45.586+0000] {local_task_job_runner.py:243} INFO - Task exited with return code 0
[2025-07-24T17:08:45.609+0000] {taskinstance.py:3503} INFO - 1 downstream tasks scheduled from follow-on schedule check
[2025-07-24T17:08:45.613+0000] {local_task_job_runner.py:222} INFO - ::endgroup::
