[2025-07-25T06:50:17.304+0000] {local_task_job_runner.py:120} INFO - ::group::Pre task execution logs
[2025-07-25T06:50:17.560+0000] {taskinstance.py:2076} INFO - Dependencies all met for dep_context=non-requeueable deps ti=<TaskInstance: tunestream_etl.data_quality_check manual__2025-07-25T06:49:39.297909+00:00 [queued]>
[2025-07-25T06:50:17.590+0000] {taskinstance.py:2076} INFO - Dependencies all met for dep_context=requeueable deps ti=<TaskInstance: tunestream_etl.data_quality_check manual__2025-07-25T06:49:39.297909+00:00 [queued]>
[2025-07-25T06:50:17.591+0000] {taskinstance.py:2306} INFO - Starting attempt 1 of 4
[2025-07-25T06:50:17.624+0000] {taskinstance.py:2330} INFO - Executing <Task(PythonOperator): data_quality_check> on 2025-07-25 06:49:39.297909+00:00
[2025-07-25T06:50:17.794+0000] {logging_mixin.py:188} WARNING - /home/***/.local/lib/python3.12/site-packages/***/task/task_runner/standard_task_runner.py:62 DeprecationWarning: This process (pid=358) is multi-threaded, use of fork() may lead to deadlocks in the child.
[2025-07-25T06:50:17.793+0000] {standard_task_runner.py:90} INFO - Running: ['***', 'tasks', 'run', 'tunestream_etl', 'data_quality_check', 'manual__2025-07-25T06:49:39.297909+00:00', '--job-id', '174', '--raw', '--subdir', 'DAGS_FOLDER/tunestream_etl_dag.py', '--cfg-path', '/tmp/tmphkg265yb']
[2025-07-25T06:50:17.803+0000] {standard_task_runner.py:64} INFO - Started process 359 to run task
[2025-07-25T06:50:17.810+0000] {standard_task_runner.py:91} INFO - Job 174: Subtask data_quality_check
[2025-07-25T06:50:17.841+0000] {logging_mixin.py:188} WARNING - /home/***/.local/lib/python3.12/site-packages/***/settings.py:195 DeprecationWarning: The sql_alchemy_conn option in [core] has been moved to the sql_alchemy_conn option in [database] - the old setting has been used, but please update your config.
[2025-07-25T06:50:17.911+0000] {task_command.py:426} INFO - Running <TaskInstance: tunestream_etl.data_quality_check manual__2025-07-25T06:49:39.297909+00:00 [running]> on host da6b6b72382b
[2025-07-25T06:50:18.112+0000] {taskinstance.py:2648} INFO - Exporting env vars: AIRFLOW_CTX_DAG_OWNER='NamTH91' AIRFLOW_CTX_DAG_ID='tunestream_etl' AIRFLOW_CTX_TASK_ID='data_quality_check' AIRFLOW_CTX_EXECUTION_DATE='2025-07-25T06:49:39.297909+00:00' AIRFLOW_CTX_TRY_NUMBER='1' AIRFLOW_CTX_DAG_RUN_ID='manual__2025-07-25T06:49:39.297909+00:00'
[2025-07-25T06:50:18.115+0000] {taskinstance.py:430} INFO - ::endgroup::
[2025-07-25T06:50:18.242+0000] {logging_mixin.py:188} INFO - bảng songplays đã được load data
[2025-07-25T06:50:18.251+0000] {logging_mixin.py:188} INFO - bảng songplays ok 
[2025-07-25T06:50:18.254+0000] {logging_mixin.py:188} INFO - bảng songplays ko có null 
[2025-07-25T06:50:18.258+0000] {logging_mixin.py:188} INFO - bảng users đã được load data
[2025-07-25T06:50:18.260+0000] {logging_mixin.py:188} INFO - bảng users ok 
[2025-07-25T06:50:18.262+0000] {logging_mixin.py:188} INFO - bảng users ko có null 
[2025-07-25T06:50:18.265+0000] {logging_mixin.py:188} INFO - bảng songs đã được load data
[2025-07-25T06:50:18.267+0000] {logging_mixin.py:188} INFO - bảng songs ok 
[2025-07-25T06:50:18.268+0000] {logging_mixin.py:188} INFO - bảng songs ko có null 
[2025-07-25T06:50:18.271+0000] {logging_mixin.py:188} INFO - bảng artists đã được load data
[2025-07-25T06:50:18.273+0000] {logging_mixin.py:188} INFO - bảng artists ok 
[2025-07-25T06:50:18.275+0000] {logging_mixin.py:188} INFO - bảng artists ko có null 
[2025-07-25T06:50:18.279+0000] {logging_mixin.py:188} INFO - bảng time đã được load data
[2025-07-25T06:50:18.284+0000] {logging_mixin.py:188} INFO - bảng time ok 
[2025-07-25T06:50:18.287+0000] {logging_mixin.py:188} INFO - bảng time ko có null 
[2025-07-25T06:50:18.288+0000] {python.py:237} INFO - Done. Returned value was: None
[2025-07-25T06:50:18.289+0000] {taskinstance.py:441} INFO - ::group::Post task execution logs
[2025-07-25T06:50:18.299+0000] {taskinstance.py:1206} INFO - Marking task as SUCCESS. dag_id=tunestream_etl, task_id=data_quality_check, run_id=manual__2025-07-25T06:49:39.297909+00:00, execution_date=20250725T064939, start_date=20250725T065017, end_date=20250725T065018
[2025-07-25T06:50:18.347+0000] {local_task_job_runner.py:243} INFO - Task exited with return code 0
[2025-07-25T06:50:18.439+0000] {taskinstance.py:3503} INFO - 0 downstream tasks scheduled from follow-on schedule check
[2025-07-25T06:50:18.531+0000] {local_task_job_runner.py:222} INFO - ::endgroup::
