[2025-07-24T17:21:15.914+0000] {local_task_job_runner.py:120} INFO - ::group::Pre task execution logs
[2025-07-24T17:21:15.936+0000] {taskinstance.py:2076} INFO - Dependencies all met for dep_context=non-requeueable deps ti=<TaskInstance: tunestream_etl.data_quality_check manual__2025-07-24T17:20:50.726143+00:00 [queued]>
[2025-07-24T17:21:15.944+0000] {taskinstance.py:2076} INFO - Dependencies all met for dep_context=requeueable deps ti=<TaskInstance: tunestream_etl.data_quality_check manual__2025-07-24T17:20:50.726143+00:00 [queued]>
[2025-07-24T17:21:15.945+0000] {taskinstance.py:2306} INFO - Starting attempt 1 of 4
[2025-07-24T17:21:15.960+0000] {taskinstance.py:2330} INFO - Executing <Task(PythonOperator): data_quality_check> on 2025-07-24 17:20:50.726143+00:00
[2025-07-24T17:21:15.969+0000] {standard_task_runner.py:90} INFO - Running: ['***', 'tasks', 'run', 'tunestream_etl', 'data_quality_check', 'manual__2025-07-24T17:20:50.726143+00:00', '--job-id', '130', '--raw', '--subdir', 'DAGS_FOLDER/tunestream_etl_dag.py', '--cfg-path', '/tmp/tmpkf42wqr8']
[2025-07-24T17:21:15.972+0000] {standard_task_runner.py:91} INFO - Job 130: Subtask data_quality_check
[2025-07-24T17:21:15.974+0000] {logging_mixin.py:188} WARNING - /home/***/.local/lib/python3.12/site-packages/***/task/task_runner/standard_task_runner.py:62 DeprecationWarning: This process (pid=9851) is multi-threaded, use of fork() may lead to deadlocks in the child.
[2025-07-24T17:21:15.975+0000] {standard_task_runner.py:64} INFO - Started process 9852 to run task
[2025-07-24T17:21:15.986+0000] {logging_mixin.py:188} WARNING - /home/***/.local/lib/python3.12/site-packages/***/settings.py:195 DeprecationWarning: The sql_alchemy_conn option in [core] has been moved to the sql_alchemy_conn option in [database] - the old setting has been used, but please update your config.
[2025-07-24T17:21:16.017+0000] {task_command.py:426} INFO - Running <TaskInstance: tunestream_etl.data_quality_check manual__2025-07-24T17:20:50.726143+00:00 [running]> on host da6b6b72382b
[2025-07-24T17:21:16.101+0000] {taskinstance.py:2648} INFO - Exporting env vars: AIRFLOW_CTX_DAG_OWNER='NamTH91' AIRFLOW_CTX_DAG_ID='tunestream_etl' AIRFLOW_CTX_TASK_ID='data_quality_check' AIRFLOW_CTX_EXECUTION_DATE='2025-07-24T17:20:50.726143+00:00' AIRFLOW_CTX_TRY_NUMBER='1' AIRFLOW_CTX_DAG_RUN_ID='manual__2025-07-24T17:20:50.726143+00:00'
[2025-07-24T17:21:16.102+0000] {taskinstance.py:430} INFO - ::endgroup::
[2025-07-24T17:21:16.273+0000] {logging_mixin.py:188} INFO - bảng songplays đã được load data
[2025-07-24T17:21:16.278+0000] {logging_mixin.py:188} INFO - bảng songplays ok 
[2025-07-24T17:21:16.279+0000] {logging_mixin.py:188} INFO - bảng songplays ko có null 
[2025-07-24T17:21:16.281+0000] {logging_mixin.py:188} INFO - bảng users đã được load data
[2025-07-24T17:21:16.283+0000] {logging_mixin.py:188} INFO - bảng users ok 
[2025-07-24T17:21:16.285+0000] {logging_mixin.py:188} INFO - bảng users ko có null 
[2025-07-24T17:21:16.288+0000] {logging_mixin.py:188} INFO - bảng songs đã được load data
[2025-07-24T17:21:16.290+0000] {logging_mixin.py:188} INFO - bảng songs ok 
[2025-07-24T17:21:16.291+0000] {logging_mixin.py:188} INFO - bảng songs ko có null 
[2025-07-24T17:21:16.293+0000] {logging_mixin.py:188} INFO - bảng artists đã được load data
[2025-07-24T17:21:16.295+0000] {logging_mixin.py:188} INFO - bảng artists ok 
[2025-07-24T17:21:16.296+0000] {logging_mixin.py:188} INFO - bảng artists ko có null 
[2025-07-24T17:21:16.299+0000] {logging_mixin.py:188} INFO - bảng time đã được load data
[2025-07-24T17:21:16.304+0000] {logging_mixin.py:188} INFO - bảng time ok 
[2025-07-24T17:21:16.306+0000] {logging_mixin.py:188} INFO - bảng time ko có null 
[2025-07-24T17:21:16.306+0000] {python.py:237} INFO - Done. Returned value was: None
[2025-07-24T17:21:16.307+0000] {taskinstance.py:441} INFO - ::group::Post task execution logs
[2025-07-24T17:21:16.317+0000] {taskinstance.py:1206} INFO - Marking task as SUCCESS. dag_id=tunestream_etl, task_id=data_quality_check, run_id=manual__2025-07-24T17:20:50.726143+00:00, execution_date=20250724T172050, start_date=20250724T172115, end_date=20250724T172116
[2025-07-24T17:21:16.349+0000] {local_task_job_runner.py:243} INFO - Task exited with return code 0
[2025-07-24T17:21:16.364+0000] {taskinstance.py:3503} INFO - 0 downstream tasks scheduled from follow-on schedule check
[2025-07-24T17:21:16.368+0000] {local_task_job_runner.py:222} INFO - ::endgroup::
