[2025-07-25T01:36:56.546+0000] {local_task_job_runner.py:120} INFO - ::group::Pre task execution logs
[2025-07-25T01:36:56.917+0000] {taskinstance.py:2076} INFO - Dependencies all met for dep_context=non-requeueable deps ti=<TaskInstance: tunestream_etl.stage_events scheduled__2025-07-24T00:00:00+00:00 [queued]>
[2025-07-25T01:36:56.954+0000] {taskinstance.py:2076} INFO - Dependencies all met for dep_context=requeueable deps ti=<TaskInstance: tunestream_etl.stage_events scheduled__2025-07-24T00:00:00+00:00 [queued]>
[2025-07-25T01:36:56.956+0000] {taskinstance.py:2306} INFO - Starting attempt 1 of 1
[2025-07-25T01:36:57.091+0000] {taskinstance.py:2330} INFO - Executing <Task(PythonOperator): stage_events> on 2025-07-24 00:00:00+00:00
[2025-07-25T01:36:57.110+0000] {standard_task_runner.py:90} INFO - Running: ['***', 'tasks', 'run', 'tunestream_etl', 'stage_events', 'scheduled__2025-07-24T00:00:00+00:00', '--job-id', '158', '--raw', '--subdir', 'DAGS_FOLDER/tunestream_etl_dag.py', '--cfg-path', '/tmp/tmpnp9yxheo']
[2025-07-25T01:36:57.115+0000] {standard_task_runner.py:91} INFO - Job 158: Subtask stage_events
[2025-07-25T01:36:57.121+0000] {logging_mixin.py:188} WARNING - /home/***/.local/lib/python3.12/site-packages/***/task/task_runner/standard_task_runner.py:62 DeprecationWarning: This process (pid=4064) is multi-threaded, use of fork() may lead to deadlocks in the child.
[2025-07-25T01:36:57.122+0000] {standard_task_runner.py:64} INFO - Started process 4065 to run task
[2025-07-25T01:36:57.178+0000] {logging_mixin.py:188} WARNING - /home/***/.local/lib/python3.12/site-packages/***/settings.py:195 DeprecationWarning: The sql_alchemy_conn option in [core] has been moved to the sql_alchemy_conn option in [database] - the old setting has been used, but please update your config.
[2025-07-25T01:36:57.244+0000] {task_command.py:426} INFO - Running <TaskInstance: tunestream_etl.stage_events scheduled__2025-07-24T00:00:00+00:00 [running]> on host da6b6b72382b
[2025-07-25T01:36:57.468+0000] {taskinstance.py:2648} INFO - Exporting env vars: AIRFLOW_CTX_DAG_OWNER='***' AIRFLOW_CTX_DAG_ID='tunestream_etl' AIRFLOW_CTX_TASK_ID='stage_events' AIRFLOW_CTX_EXECUTION_DATE='2025-07-24T00:00:00+00:00' AIRFLOW_CTX_TRY_NUMBER='1' AIRFLOW_CTX_DAG_RUN_ID='scheduled__2025-07-24T00:00:00+00:00'
[2025-07-25T01:36:57.472+0000] {taskinstance.py:430} INFO - ::endgroup::
[2025-07-25T01:36:57.555+0000] {logging_mixin.py:188} INFO - tổng số file json tìm được là 30
[2025-07-25T01:37:37.998+0000] {logging_mixin.py:188} INFO - đã chèn dữ liệu vào 
[2025-07-25T01:37:38.178+0000] {python.py:237} INFO - Done. Returned value was: None
[2025-07-25T01:37:38.577+0000] {taskinstance.py:441} INFO - ::group::Post task execution logs
[2025-07-25T01:37:39.288+0000] {taskinstance.py:1206} INFO - Marking task as SUCCESS. dag_id=tunestream_etl, task_id=stage_events, run_id=scheduled__2025-07-24T00:00:00+00:00, execution_date=20250724T000000, start_date=20250725T013656, end_date=20250725T013739
[2025-07-25T01:37:39.469+0000] {local_task_job_runner.py:243} INFO - Task exited with return code 0
[2025-07-25T01:37:39.989+0000] {taskinstance.py:3503} INFO - 1 downstream tasks scheduled from follow-on schedule check
[2025-07-25T01:37:40.012+0000] {local_task_job_runner.py:222} INFO - ::endgroup::
