[2025-07-24T17:08:09.549+0000] {local_task_job_runner.py:120} INFO - ::group::Pre task execution logs
[2025-07-24T17:08:09.604+0000] {taskinstance.py:2076} INFO - Dependencies all met for dep_context=non-requeueable deps ti=<TaskInstance: tunestream_etl.data_quality_check manual__2025-07-24T17:03:06.116098+00:00 [queued]>
[2025-07-24T17:08:09.621+0000] {taskinstance.py:2076} INFO - Dependencies all met for dep_context=requeueable deps ti=<TaskInstance: tunestream_etl.data_quality_check manual__2025-07-24T17:03:06.116098+00:00 [queued]>
[2025-07-24T17:08:09.621+0000] {taskinstance.py:2306} INFO - Starting attempt 1 of 4
[2025-07-24T17:08:09.646+0000] {taskinstance.py:2330} INFO - Executing <Task(PythonOperator): data_quality_check> on 2025-07-24 17:03:06.116098+00:00
[2025-07-24T17:08:09.655+0000] {standard_task_runner.py:90} INFO - Running: ['***', 'tasks', 'run', 'tunestream_etl', 'data_quality_check', 'manual__2025-07-24T17:03:06.116098+00:00', '--job-id', '92', '--raw', '--subdir', 'DAGS_FOLDER/tunestream_etl_dag.py', '--cfg-path', '/tmp/tmpsw99_h2y']
[2025-07-24T17:08:09.659+0000] {standard_task_runner.py:91} INFO - Job 92: Subtask data_quality_check
[2025-07-24T17:08:09.676+0000] {logging_mixin.py:188} WARNING - /home/***/.local/lib/python3.12/site-packages/***/task/task_runner/standard_task_runner.py:62 DeprecationWarning: This process (pid=9016) is multi-threaded, use of fork() may lead to deadlocks in the child.
[2025-07-24T17:08:09.677+0000] {standard_task_runner.py:64} INFO - Started process 9017 to run task
[2025-07-24T17:08:09.677+0000] {logging_mixin.py:188} WARNING - /home/***/.local/lib/python3.12/site-packages/***/settings.py:195 DeprecationWarning: The sql_alchemy_conn option in [core] has been moved to the sql_alchemy_conn option in [database] - the old setting has been used, but please update your config.
[2025-07-24T17:08:09.710+0000] {task_command.py:426} INFO - Running <TaskInstance: tunestream_etl.data_quality_check manual__2025-07-24T17:03:06.116098+00:00 [running]> on host da6b6b72382b
[2025-07-24T17:08:09.813+0000] {taskinstance.py:2648} INFO - Exporting env vars: AIRFLOW_CTX_DAG_OWNER='NamTH91' AIRFLOW_CTX_DAG_ID='tunestream_etl' AIRFLOW_CTX_TASK_ID='data_quality_check' AIRFLOW_CTX_EXECUTION_DATE='2025-07-24T17:03:06.116098+00:00' AIRFLOW_CTX_TRY_NUMBER='1' AIRFLOW_CTX_DAG_RUN_ID='manual__2025-07-24T17:03:06.116098+00:00'
[2025-07-24T17:08:09.814+0000] {taskinstance.py:430} INFO - ::endgroup::
[2025-07-24T17:08:09.914+0000] {logging_mixin.py:188} INFO - bảng songplays rỗng
[2025-07-24T17:08:09.918+0000] {logging_mixin.py:188} INFO - bảng songplays ok 
[2025-07-24T17:08:09.919+0000] {logging_mixin.py:188} INFO - bảng songplays ko có null 
[2025-07-24T17:08:09.921+0000] {logging_mixin.py:188} INFO - bảng users rỗng
[2025-07-24T17:08:09.922+0000] {logging_mixin.py:188} INFO - bảng users ok 
[2025-07-24T17:08:09.923+0000] {logging_mixin.py:188} INFO - bảng users ko có null 
[2025-07-24T17:08:09.925+0000] {logging_mixin.py:188} INFO - bảng songs rỗng
[2025-07-24T17:08:09.926+0000] {logging_mixin.py:188} INFO - bảng songs ok 
[2025-07-24T17:08:09.927+0000] {logging_mixin.py:188} INFO - bảng songs ko có null 
[2025-07-24T17:08:09.928+0000] {logging_mixin.py:188} INFO - bảng artists rỗng
[2025-07-24T17:08:09.929+0000] {logging_mixin.py:188} INFO - bảng artists ok 
[2025-07-24T17:08:09.930+0000] {logging_mixin.py:188} INFO - bảng artists ko có null 
[2025-07-24T17:08:09.932+0000] {logging_mixin.py:188} INFO - bảng time rỗng
[2025-07-24T17:08:09.934+0000] {logging_mixin.py:188} INFO - bảng time ok 
[2025-07-24T17:08:09.935+0000] {logging_mixin.py:188} INFO - bảng time ko có null 
[2025-07-24T17:08:09.936+0000] {python.py:237} INFO - Done. Returned value was: None
[2025-07-24T17:08:09.936+0000] {taskinstance.py:441} INFO - ::group::Post task execution logs
[2025-07-24T17:08:09.944+0000] {taskinstance.py:1206} INFO - Marking task as SUCCESS. dag_id=tunestream_etl, task_id=data_quality_check, run_id=manual__2025-07-24T17:03:06.116098+00:00, execution_date=20250724T170306, start_date=20250724T170809, end_date=20250724T170809
[2025-07-24T17:08:09.973+0000] {local_task_job_runner.py:243} INFO - Task exited with return code 0
[2025-07-24T17:08:09.988+0000] {taskinstance.py:3503} INFO - 0 downstream tasks scheduled from follow-on schedule check
[2025-07-24T17:08:09.993+0000] {local_task_job_runner.py:222} INFO - ::endgroup::
