[2025-07-21T03:53:18.916+0000] {local_task_job_runner.py:120} INFO - ::group::Pre task execution logs
[2025-07-21T03:53:18.945+0000] {taskinstance.py:2076} INFO - Dependencies all met for dep_context=non-requeueable deps ti=<TaskInstance: conditional_prime_dag.T3 manual__2025-07-21T10:53:08+07:00 [queued]>
[2025-07-21T03:53:18.957+0000] {taskinstance.py:2076} INFO - Dependencies all met for dep_context=requeueable deps ti=<TaskInstance: conditional_prime_dag.T3 manual__2025-07-21T10:53:08+07:00 [queued]>
[2025-07-21T03:53:18.958+0000] {taskinstance.py:2306} INFO - Starting attempt 1 of 1
[2025-07-21T03:53:18.975+0000] {taskinstance.py:2330} INFO - Executing <Task(PythonOperator): T3> on 2025-07-21 03:53:08+00:00
[2025-07-21T03:53:18.984+0000] {logging_mixin.py:188} WARNING - /home/***/.local/lib/python3.12/site-packages/***/task/task_runner/standard_task_runner.py:62 DeprecationWarning: This process (pid=496) is multi-threaded, use of fork() may lead to deadlocks in the child.
[2025-07-21T03:53:18.985+0000] {standard_task_runner.py:64} INFO - Started process 497 to run task
[2025-07-21T03:53:18.985+0000] {standard_task_runner.py:90} INFO - Running: ['***', 'tasks', 'run', 'conditional_prime_dag', 'T3', 'manual__2025-07-21T10:53:08+07:00', '--job-id', '5', '--raw', '--subdir', 'DAGS_FOLDER/task1.py', '--cfg-path', '/tmp/tmpgqcpjfr1']
[2025-07-21T03:53:18.987+0000] {standard_task_runner.py:91} INFO - Job 5: Subtask T3
[2025-07-21T03:53:19.005+0000] {logging_mixin.py:188} WARNING - /home/***/.local/lib/python3.12/site-packages/***/settings.py:195 DeprecationWarning: The sql_alchemy_conn option in [core] has been moved to the sql_alchemy_conn option in [database] - the old setting has been used, but please update your config.
[2025-07-21T03:53:19.040+0000] {task_command.py:426} INFO - Running <TaskInstance: conditional_prime_dag.T3 manual__2025-07-21T10:53:08+07:00 [running]> on host 7b3eb14378b0
[2025-07-21T03:53:19.190+0000] {taskinstance.py:2648} INFO - Exporting env vars: AIRFLOW_CTX_DAG_OWNER='***' AIRFLOW_CTX_DAG_ID='conditional_prime_dag' AIRFLOW_CTX_TASK_ID='T3' AIRFLOW_CTX_EXECUTION_DATE='2025-07-21T03:53:08+00:00' AIRFLOW_CTX_TRY_NUMBER='1' AIRFLOW_CTX_DAG_RUN_ID='manual__2025-07-21T10:53:08+07:00'
[2025-07-21T03:53:19.191+0000] {taskinstance.py:430} INFO - ::endgroup::
[2025-07-21T03:53:19.226+0000] {logging_mixin.py:188} INFO - Prime numbers up to 20: [2, 3, 5, 7, 11, 13, 17, 19]
[2025-07-21T03:53:19.227+0000] {python.py:237} INFO - Done. Returned value was: None
[2025-07-21T03:53:19.227+0000] {taskinstance.py:441} INFO - ::group::Post task execution logs
[2025-07-21T03:53:19.244+0000] {taskinstance.py:1206} INFO - Marking task as SUCCESS. dag_id=conditional_prime_dag, task_id=T3, run_id=manual__2025-07-21T10:53:08+07:00, execution_date=20250721T035308, start_date=20250721T035318, end_date=20250721T035319
[2025-07-21T03:53:19.280+0000] {local_task_job_runner.py:243} INFO - Task exited with return code 0
[2025-07-21T03:53:19.303+0000] {taskinstance.py:3503} INFO - 0 downstream tasks scheduled from follow-on schedule check
[2025-07-21T03:53:19.307+0000] {local_task_job_runner.py:222} INFO - ::endgroup::
