[2025-07-21T03:51:44.825+0000] {local_task_job_runner.py:120} INFO - ::group::Pre task execution logs
[2025-07-21T03:51:44.852+0000] {taskinstance.py:2076} INFO - Dependencies all met for dep_context=non-requeueable deps ti=<TaskInstance: conditional_prime_dag.T2 manual__2025-07-21T10:51:37+07:00 [queued]>
[2025-07-21T03:51:44.864+0000] {taskinstance.py:2076} INFO - Dependencies all met for dep_context=requeueable deps ti=<TaskInstance: conditional_prime_dag.T2 manual__2025-07-21T10:51:37+07:00 [queued]>
[2025-07-21T03:51:44.864+0000] {taskinstance.py:2306} INFO - Starting attempt 1 of 1
[2025-07-21T03:51:44.884+0000] {taskinstance.py:2330} INFO - Executing <Task(BashOperator): T2> on 2025-07-21 03:51:37+00:00
[2025-07-21T03:51:44.890+0000] {logging_mixin.py:188} WARNING - /home/***/.local/lib/python3.12/site-packages/***/task/task_runner/standard_task_runner.py:62 DeprecationWarning: This process (pid=420) is multi-threaded, use of fork() may lead to deadlocks in the child.
[2025-07-21T03:51:44.892+0000] {standard_task_runner.py:64} INFO - Started process 421 to run task
[2025-07-21T03:51:44.890+0000] {standard_task_runner.py:90} INFO - Running: ['***', 'tasks', 'run', 'conditional_prime_dag', 'T2', 'manual__2025-07-21T10:51:37+07:00', '--job-id', '3', '--raw', '--subdir', 'DAGS_FOLDER/task1.py', '--cfg-path', '/tmp/tmpw3t7hswp']
[2025-07-21T03:51:44.893+0000] {standard_task_runner.py:91} INFO - Job 3: Subtask T2
[2025-07-21T03:51:44.909+0000] {logging_mixin.py:188} WARNING - /home/***/.local/lib/python3.12/site-packages/***/settings.py:195 DeprecationWarning: The sql_alchemy_conn option in [core] has been moved to the sql_alchemy_conn option in [database] - the old setting has been used, but please update your config.
[2025-07-21T03:51:44.945+0000] {task_command.py:426} INFO - Running <TaskInstance: conditional_prime_dag.T2 manual__2025-07-21T10:51:37+07:00 [running]> on host 7b3eb14378b0
[2025-07-21T03:51:45.027+0000] {taskinstance.py:2648} INFO - Exporting env vars: AIRFLOW_CTX_DAG_OWNER='***' AIRFLOW_CTX_DAG_ID='conditional_prime_dag' AIRFLOW_CTX_TASK_ID='T2' AIRFLOW_CTX_EXECUTION_DATE='2025-07-21T03:51:37+00:00' AIRFLOW_CTX_TRY_NUMBER='1' AIRFLOW_CTX_DAG_RUN_ID='manual__2025-07-21T10:51:37+07:00'
[2025-07-21T03:51:45.029+0000] {taskinstance.py:430} INFO - ::endgroup::
[2025-07-21T03:51:45.041+0000] {subprocess.py:63} INFO - Tmp dir root location: /tmp
[2025-07-21T03:51:45.047+0000] {subprocess.py:75} INFO - Running command: ['/usr/bin/bash', '-c', 'echo "The input number is 0"']
[2025-07-21T03:51:45.060+0000] {subprocess.py:86} INFO - Output:
[2025-07-21T03:51:45.080+0000] {subprocess.py:93} INFO - The input number is 0
[2025-07-21T03:51:45.082+0000] {subprocess.py:97} INFO - Command exited with return code 0
[2025-07-21T03:51:45.087+0000] {taskinstance.py:441} INFO - ::group::Post task execution logs
[2025-07-21T03:51:45.109+0000] {taskinstance.py:1206} INFO - Marking task as SUCCESS. dag_id=conditional_prime_dag, task_id=T2, run_id=manual__2025-07-21T10:51:37+07:00, execution_date=20250721T035137, start_date=20250721T035144, end_date=20250721T035145
[2025-07-21T03:51:45.147+0000] {local_task_job_runner.py:243} INFO - Task exited with return code 0
[2025-07-21T03:51:45.160+0000] {taskinstance.py:3503} INFO - 0 downstream tasks scheduled from follow-on schedule check
[2025-07-21T03:51:45.164+0000] {local_task_job_runner.py:222} INFO - ::endgroup::
