[2025-07-25T01:37:42.831+0000] {local_task_job_runner.py:120} INFO - ::group::Pre task execution logs
[2025-07-25T01:37:42.921+0000] {taskinstance.py:2076} INFO - Dependencies all met for dep_context=non-requeueable deps ti=<TaskInstance: tunestream_etl.stage_songs scheduled__2025-07-24T00:00:00+00:00 [queued]>
[2025-07-25T01:37:42.938+0000] {taskinstance.py:2076} INFO - Dependencies all met for dep_context=requeueable deps ti=<TaskInstance: tunestream_etl.stage_songs scheduled__2025-07-24T00:00:00+00:00 [queued]>
[2025-07-25T01:37:42.939+0000] {taskinstance.py:2306} INFO - Starting attempt 1 of 4
[2025-07-25T01:37:42.967+0000] {taskinstance.py:2330} INFO - Executing <Task(PythonOperator): stage_songs> on 2025-07-24 00:00:00+00:00
[2025-07-25T01:37:42.975+0000] {standard_task_runner.py:90} INFO - Running: ['***', 'tasks', 'run', 'tunestream_etl', 'stage_songs', 'scheduled__2025-07-24T00:00:00+00:00', '--job-id', '161', '--raw', '--subdir', 'DAGS_FOLDER/tunestream_etl_dag.py', '--cfg-path', '/tmp/tmpz6av231s']
[2025-07-25T01:37:42.986+0000] {standard_task_runner.py:91} INFO - Job 161: Subtask stage_songs
[2025-07-25T01:37:42.988+0000] {logging_mixin.py:188} WARNING - /home/***/.local/lib/python3.12/site-packages/***/task/task_runner/standard_task_runner.py:62 DeprecationWarning: This process (pid=4100) is multi-threaded, use of fork() may lead to deadlocks in the child.
[2025-07-25T01:37:42.989+0000] {standard_task_runner.py:64} INFO - Started process 4101 to run task
[2025-07-25T01:37:43.035+0000] {logging_mixin.py:188} WARNING - /home/***/.local/lib/python3.12/site-packages/***/settings.py:195 DeprecationWarning: The sql_alchemy_conn option in [core] has been moved to the sql_alchemy_conn option in [database] - the old setting has been used, but please update your config.
[2025-07-25T01:37:43.089+0000] {task_command.py:426} INFO - Running <TaskInstance: tunestream_etl.stage_songs scheduled__2025-07-24T00:00:00+00:00 [running]> on host da6b6b72382b
[2025-07-25T01:37:43.288+0000] {taskinstance.py:2648} INFO - Exporting env vars: AIRFLOW_CTX_DAG_OWNER='NamTH91' AIRFLOW_CTX_DAG_ID='tunestream_etl' AIRFLOW_CTX_TASK_ID='stage_songs' AIRFLOW_CTX_EXECUTION_DATE='2025-07-24T00:00:00+00:00' AIRFLOW_CTX_TRY_NUMBER='1' AIRFLOW_CTX_DAG_RUN_ID='scheduled__2025-07-24T00:00:00+00:00'
[2025-07-25T01:37:43.289+0000] {taskinstance.py:430} INFO - ::endgroup::
[2025-07-25T01:37:43.418+0000] {logging_mixin.py:188} INFO - tổng số file json tìm được là 71
[2025-07-25T01:37:44.067+0000] {logging_mixin.py:188} INFO - đã chèn dữ liệu vào 
[2025-07-25T01:37:44.068+0000] {python.py:237} INFO - Done. Returned value was: None
[2025-07-25T01:37:44.069+0000] {taskinstance.py:441} INFO - ::group::Post task execution logs
[2025-07-25T01:37:44.080+0000] {taskinstance.py:1206} INFO - Marking task as SUCCESS. dag_id=tunestream_etl, task_id=stage_songs, run_id=scheduled__2025-07-24T00:00:00+00:00, execution_date=20250724T000000, start_date=20250725T013742, end_date=20250725T013744
[2025-07-25T01:37:44.133+0000] {local_task_job_runner.py:243} INFO - Task exited with return code 0
[2025-07-25T01:37:44.159+0000] {taskinstance.py:3503} INFO - 1 downstream tasks scheduled from follow-on schedule check
[2025-07-25T01:37:44.163+0000] {local_task_job_runner.py:222} INFO - ::endgroup::
