[2025-07-24T15:28:29.569+0000] {local_task_job_runner.py:120} INFO - ::group::Pre task execution logs
[2025-07-24T15:28:29.599+0000] {taskinstance.py:2076} INFO - Dependencies all met for dep_context=non-requeueable deps ti=<TaskInstance: tunestream_etl.stage_songs manual__2025-07-24T15:28:25.651395+00:00 [queued]>
[2025-07-24T15:28:29.611+0000] {taskinstance.py:2076} INFO - Dependencies all met for dep_context=requeueable deps ti=<TaskInstance: tunestream_etl.stage_songs manual__2025-07-24T15:28:25.651395+00:00 [queued]>
[2025-07-24T15:28:29.611+0000] {taskinstance.py:2306} INFO - Starting attempt 1 of 4
[2025-07-24T15:28:29.629+0000] {taskinstance.py:2330} INFO - Executing <Task(PythonOperator): stage_songs> on 2025-07-24 15:28:25.651395+00:00
[2025-07-24T15:28:29.636+0000] {logging_mixin.py:188} WARNING - /home/***/.local/lib/python3.12/site-packages/***/task/task_runner/standard_task_runner.py:62 DeprecationWarning: This process (pid=3720) is multi-threaded, use of fork() may lead to deadlocks in the child.
[2025-07-24T15:28:29.637+0000] {standard_task_runner.py:64} INFO - Started process 3721 to run task
[2025-07-24T15:28:29.636+0000] {standard_task_runner.py:90} INFO - Running: ['***', 'tasks', 'run', 'tunestream_etl', 'stage_songs', 'manual__2025-07-24T15:28:25.651395+00:00', '--job-id', '58', '--raw', '--subdir', 'DAGS_FOLDER/tunestream_etl_dag.py', '--cfg-path', '/tmp/tmp8clod00g']
[2025-07-24T15:28:29.639+0000] {standard_task_runner.py:91} INFO - Job 58: Subtask stage_songs
[2025-07-24T15:28:29.659+0000] {logging_mixin.py:188} WARNING - /home/***/.local/lib/python3.12/site-packages/***/settings.py:195 DeprecationWarning: The sql_alchemy_conn option in [core] has been moved to the sql_alchemy_conn option in [database] - the old setting has been used, but please update your config.
[2025-07-24T15:28:29.700+0000] {task_command.py:426} INFO - Running <TaskInstance: tunestream_etl.stage_songs manual__2025-07-24T15:28:25.651395+00:00 [running]> on host da6b6b72382b
[2025-07-24T15:28:29.805+0000] {taskinstance.py:2648} INFO - Exporting env vars: AIRFLOW_CTX_DAG_OWNER='NamTH91' AIRFLOW_CTX_DAG_ID='tunestream_etl' AIRFLOW_CTX_TASK_ID='stage_songs' AIRFLOW_CTX_EXECUTION_DATE='2025-07-24T15:28:25.651395+00:00' AIRFLOW_CTX_TRY_NUMBER='1' AIRFLOW_CTX_DAG_RUN_ID='manual__2025-07-24T15:28:25.651395+00:00'
[2025-07-24T15:28:29.807+0000] {taskinstance.py:430} INFO - ::endgroup::
[2025-07-24T15:28:29.901+0000] {logging_mixin.py:188} INFO - tổng số file json tìm được là 71
[2025-07-24T15:28:30.528+0000] {logging_mixin.py:188} INFO - đã chèn dữ liệu vào 
[2025-07-24T15:28:30.529+0000] {python.py:237} INFO - Done. Returned value was: None
[2025-07-24T15:28:30.530+0000] {taskinstance.py:441} INFO - ::group::Post task execution logs
[2025-07-24T15:28:30.552+0000] {taskinstance.py:1206} INFO - Marking task as SUCCESS. dag_id=tunestream_etl, task_id=stage_songs, run_id=manual__2025-07-24T15:28:25.651395+00:00, execution_date=20250724T152825, start_date=20250724T152829, end_date=20250724T152830
[2025-07-24T15:28:30.616+0000] {local_task_job_runner.py:243} INFO - Task exited with return code 0
[2025-07-24T15:28:30.647+0000] {taskinstance.py:3503} INFO - 0 downstream tasks scheduled from follow-on schedule check
[2025-07-24T15:28:30.659+0000] {local_task_job_runner.py:222} INFO - ::endgroup::
