[2025-07-24T15:20:26.037+0000] {local_task_job_runner.py:120} INFO - ::group::Pre task execution logs
[2025-07-24T15:20:26.073+0000] {taskinstance.py:2076} INFO - Dependencies all met for dep_context=non-requeueable deps ti=<TaskInstance: tunestream_etl.stage_songs manual__2025-07-24T15:20:21.779266+00:00 [queued]>
[2025-07-24T15:20:26.084+0000] {taskinstance.py:2076} INFO - Dependencies all met for dep_context=requeueable deps ti=<TaskInstance: tunestream_etl.stage_songs manual__2025-07-24T15:20:21.779266+00:00 [queued]>
[2025-07-24T15:20:26.085+0000] {taskinstance.py:2306} INFO - Starting attempt 1 of 4
[2025-07-24T15:20:26.107+0000] {taskinstance.py:2330} INFO - Executing <Task(PythonOperator): stage_songs> on 2025-07-24 15:20:21.779266+00:00
[2025-07-24T15:20:26.113+0000] {logging_mixin.py:188} WARNING - /home/***/.local/lib/python3.12/site-packages/***/task/task_runner/standard_task_runner.py:62 DeprecationWarning: This process (pid=3257) is multi-threaded, use of fork() may lead to deadlocks in the child.
[2025-07-24T15:20:26.114+0000] {standard_task_runner.py:64} INFO - Started process 3258 to run task
[2025-07-24T15:20:26.113+0000] {standard_task_runner.py:90} INFO - Running: ['***', 'tasks', 'run', 'tunestream_etl', 'stage_songs', 'manual__2025-07-24T15:20:21.779266+00:00', '--job-id', '53', '--raw', '--subdir', 'DAGS_FOLDER/tunestream_etl_dag.py', '--cfg-path', '/tmp/tmpr12w3knn']
[2025-07-24T15:20:26.116+0000] {standard_task_runner.py:91} INFO - Job 53: Subtask stage_songs
[2025-07-24T15:20:26.130+0000] {logging_mixin.py:188} WARNING - /home/***/.local/lib/python3.12/site-packages/***/settings.py:195 DeprecationWarning: The sql_alchemy_conn option in [core] has been moved to the sql_alchemy_conn option in [database] - the old setting has been used, but please update your config.
[2025-07-24T15:20:26.162+0000] {task_command.py:426} INFO - Running <TaskInstance: tunestream_etl.stage_songs manual__2025-07-24T15:20:21.779266+00:00 [running]> on host da6b6b72382b
[2025-07-24T15:20:26.248+0000] {taskinstance.py:2648} INFO - Exporting env vars: AIRFLOW_CTX_DAG_OWNER='NamTH91' AIRFLOW_CTX_DAG_ID='tunestream_etl' AIRFLOW_CTX_TASK_ID='stage_songs' AIRFLOW_CTX_EXECUTION_DATE='2025-07-24T15:20:21.779266+00:00' AIRFLOW_CTX_TRY_NUMBER='1' AIRFLOW_CTX_DAG_RUN_ID='manual__2025-07-24T15:20:21.779266+00:00'
[2025-07-24T15:20:26.249+0000] {taskinstance.py:430} INFO - ::endgroup::
[2025-07-24T15:20:26.328+0000] {logging_mixin.py:188} INFO - tổng số file json tìm được là 71
[2025-07-24T15:20:26.384+0000] {logging_mixin.py:188} INFO -  lỗi chèn tuple index out of range
[2025-07-24T15:20:26.388+0000] {logging_mixin.py:188} INFO -  lỗi chèn tuple index out of range
[2025-07-24T15:20:26.393+0000] {logging_mixin.py:188} INFO -  lỗi chèn tuple index out of range
[2025-07-24T15:20:26.397+0000] {logging_mixin.py:188} INFO -  lỗi chèn tuple index out of range
[2025-07-24T15:20:26.403+0000] {logging_mixin.py:188} INFO -  lỗi chèn tuple index out of range
[2025-07-24T15:20:26.408+0000] {logging_mixin.py:188} INFO -  lỗi chèn tuple index out of range
[2025-07-24T15:20:26.412+0000] {logging_mixin.py:188} INFO -  lỗi chèn tuple index out of range
[2025-07-24T15:20:26.418+0000] {logging_mixin.py:188} INFO -  lỗi chèn tuple index out of range
[2025-07-24T15:20:26.423+0000] {logging_mixin.py:188} INFO -  lỗi chèn tuple index out of range
[2025-07-24T15:20:26.427+0000] {logging_mixin.py:188} INFO -  lỗi chèn tuple index out of range
[2025-07-24T15:20:26.432+0000] {logging_mixin.py:188} INFO -  lỗi chèn tuple index out of range
[2025-07-24T15:20:26.438+0000] {logging_mixin.py:188} INFO -  lỗi chèn tuple index out of range
[2025-07-24T15:20:26.443+0000] {logging_mixin.py:188} INFO -  lỗi chèn tuple index out of range
[2025-07-24T15:20:26.447+0000] {logging_mixin.py:188} INFO -  lỗi chèn tuple index out of range
[2025-07-24T15:20:26.452+0000] {logging_mixin.py:188} INFO -  lỗi chèn tuple index out of range
[2025-07-24T15:20:26.456+0000] {logging_mixin.py:188} INFO -  lỗi chèn tuple index out of range
[2025-07-24T15:20:26.461+0000] {logging_mixin.py:188} INFO -  lỗi chèn tuple index out of range
[2025-07-24T15:20:26.465+0000] {logging_mixin.py:188} INFO -  lỗi chèn tuple index out of range
[2025-07-24T15:20:26.470+0000] {logging_mixin.py:188} INFO -  lỗi chèn tuple index out of range
[2025-07-24T15:20:26.476+0000] {logging_mixin.py:188} INFO -  lỗi chèn tuple index out of range
[2025-07-24T15:20:26.483+0000] {logging_mixin.py:188} INFO -  lỗi chèn tuple index out of range
[2025-07-24T15:20:26.489+0000] {logging_mixin.py:188} INFO -  lỗi chèn tuple index out of range
[2025-07-24T15:20:26.494+0000] {logging_mixin.py:188} INFO -  lỗi chèn tuple index out of range
[2025-07-24T15:20:26.498+0000] {logging_mixin.py:188} INFO -  lỗi chèn tuple index out of range
[2025-07-24T15:20:26.503+0000] {logging_mixin.py:188} INFO -  lỗi chèn tuple index out of range
[2025-07-24T15:20:26.509+0000] {logging_mixin.py:188} INFO -  lỗi chèn tuple index out of range
[2025-07-24T15:20:26.514+0000] {logging_mixin.py:188} INFO -  lỗi chèn tuple index out of range
[2025-07-24T15:20:26.519+0000] {logging_mixin.py:188} INFO -  lỗi chèn tuple index out of range
[2025-07-24T15:20:26.524+0000] {logging_mixin.py:188} INFO -  lỗi chèn tuple index out of range
[2025-07-24T15:20:26.529+0000] {logging_mixin.py:188} INFO -  lỗi chèn tuple index out of range
[2025-07-24T15:20:26.534+0000] {logging_mixin.py:188} INFO -  lỗi chèn tuple index out of range
[2025-07-24T15:20:26.539+0000] {logging_mixin.py:188} INFO -  lỗi chèn tuple index out of range
[2025-07-24T15:20:26.543+0000] {logging_mixin.py:188} INFO -  lỗi chèn tuple index out of range
[2025-07-24T15:20:26.548+0000] {logging_mixin.py:188} INFO -  lỗi chèn tuple index out of range
[2025-07-24T15:20:26.553+0000] {logging_mixin.py:188} INFO -  lỗi chèn tuple index out of range
[2025-07-24T15:20:26.558+0000] {logging_mixin.py:188} INFO -  lỗi chèn tuple index out of range
[2025-07-24T15:20:26.563+0000] {logging_mixin.py:188} INFO -  lỗi chèn tuple index out of range
[2025-07-24T15:20:26.567+0000] {logging_mixin.py:188} INFO -  lỗi chèn tuple index out of range
[2025-07-24T15:20:26.572+0000] {logging_mixin.py:188} INFO -  lỗi chèn tuple index out of range
[2025-07-24T15:20:26.578+0000] {logging_mixin.py:188} INFO -  lỗi chèn tuple index out of range
[2025-07-24T15:20:26.584+0000] {logging_mixin.py:188} INFO -  lỗi chèn tuple index out of range
[2025-07-24T15:20:26.588+0000] {logging_mixin.py:188} INFO -  lỗi chèn tuple index out of range
[2025-07-24T15:20:26.593+0000] {logging_mixin.py:188} INFO -  lỗi chèn tuple index out of range
[2025-07-24T15:20:26.598+0000] {logging_mixin.py:188} INFO -  lỗi chèn tuple index out of range
[2025-07-24T15:20:26.603+0000] {logging_mixin.py:188} INFO -  lỗi chèn tuple index out of range
[2025-07-24T15:20:26.607+0000] {logging_mixin.py:188} INFO -  lỗi chèn tuple index out of range
[2025-07-24T15:20:26.613+0000] {logging_mixin.py:188} INFO -  lỗi chèn tuple index out of range
[2025-07-24T15:20:26.618+0000] {logging_mixin.py:188} INFO -  lỗi chèn tuple index out of range
[2025-07-24T15:20:26.623+0000] {logging_mixin.py:188} INFO -  lỗi chèn tuple index out of range
[2025-07-24T15:20:26.627+0000] {logging_mixin.py:188} INFO -  lỗi chèn tuple index out of range
[2025-07-24T15:20:26.631+0000] {logging_mixin.py:188} INFO -  lỗi chèn tuple index out of range
[2025-07-24T15:20:26.636+0000] {logging_mixin.py:188} INFO -  lỗi chèn tuple index out of range
[2025-07-24T15:20:26.641+0000] {logging_mixin.py:188} INFO -  lỗi chèn tuple index out of range
[2025-07-24T15:20:26.645+0000] {logging_mixin.py:188} INFO -  lỗi chèn tuple index out of range
[2025-07-24T15:20:26.650+0000] {logging_mixin.py:188} INFO -  lỗi chèn tuple index out of range
[2025-07-24T15:20:26.654+0000] {logging_mixin.py:188} INFO -  lỗi chèn tuple index out of range
[2025-07-24T15:20:26.658+0000] {logging_mixin.py:188} INFO -  lỗi chèn tuple index out of range
[2025-07-24T15:20:26.663+0000] {logging_mixin.py:188} INFO -  lỗi chèn tuple index out of range
[2025-07-24T15:20:26.668+0000] {logging_mixin.py:188} INFO -  lỗi chèn tuple index out of range
[2025-07-24T15:20:26.674+0000] {logging_mixin.py:188} INFO -  lỗi chèn tuple index out of range
[2025-07-24T15:20:26.680+0000] {logging_mixin.py:188} INFO -  lỗi chèn tuple index out of range
[2025-07-24T15:20:26.685+0000] {logging_mixin.py:188} INFO -  lỗi chèn tuple index out of range
[2025-07-24T15:20:26.690+0000] {logging_mixin.py:188} INFO -  lỗi chèn tuple index out of range
[2025-07-24T15:20:26.694+0000] {logging_mixin.py:188} INFO -  lỗi chèn tuple index out of range
[2025-07-24T15:20:26.700+0000] {logging_mixin.py:188} INFO -  lỗi chèn tuple index out of range
[2025-07-24T15:20:26.706+0000] {logging_mixin.py:188} INFO -  lỗi chèn tuple index out of range
[2025-07-24T15:20:26.710+0000] {logging_mixin.py:188} INFO -  lỗi chèn tuple index out of range
[2025-07-24T15:20:26.715+0000] {logging_mixin.py:188} INFO -  lỗi chèn tuple index out of range
[2025-07-24T15:20:26.720+0000] {logging_mixin.py:188} INFO -  lỗi chèn tuple index out of range
[2025-07-24T15:20:26.725+0000] {logging_mixin.py:188} INFO -  lỗi chèn tuple index out of range
[2025-07-24T15:20:26.729+0000] {logging_mixin.py:188} INFO -  lỗi chèn tuple index out of range
[2025-07-24T15:20:26.731+0000] {logging_mixin.py:188} INFO - đã chèn dữ liệu vào 
[2025-07-24T15:20:26.731+0000] {python.py:237} INFO - Done. Returned value was: None
[2025-07-24T15:20:26.732+0000] {taskinstance.py:441} INFO - ::group::Post task execution logs
[2025-07-24T15:20:26.741+0000] {taskinstance.py:1206} INFO - Marking task as SUCCESS. dag_id=tunestream_etl, task_id=stage_songs, run_id=manual__2025-07-24T15:20:21.779266+00:00, execution_date=20250724T152021, start_date=20250724T152026, end_date=20250724T152026
[2025-07-24T15:20:26.769+0000] {local_task_job_runner.py:243} INFO - Task exited with return code 0
[2025-07-24T15:20:26.783+0000] {taskinstance.py:3503} INFO - 0 downstream tasks scheduled from follow-on schedule check
[2025-07-24T15:20:26.787+0000] {local_task_job_runner.py:222} INFO - ::endgroup::
