[2025-07-22T06:20:51.322+0000] {local_task_job_runner.py:120} INFO - ::group::Pre task execution logs
[2025-07-22T06:20:51.351+0000] {taskinstance.py:2076} INFO - Dependencies all met for dep_context=non-requeueable deps ti=<TaskInstance: conditional_prime_dag.T1 manual__2025-07-22T13:20:30+07:00 [queued]>
[2025-07-22T06:20:51.360+0000] {taskinstance.py:2076} INFO - Dependencies all met for dep_context=requeueable deps ti=<TaskInstance: conditional_prime_dag.T1 manual__2025-07-22T13:20:30+07:00 [queued]>
[2025-07-22T06:20:51.361+0000] {taskinstance.py:2306} INFO - Starting attempt 1 of 1
[2025-07-22T06:20:51.376+0000] {taskinstance.py:2330} INFO - Executing <Task(BranchPythonOperator): T1> on 2025-07-22 06:20:30+00:00
[2025-07-22T06:20:51.384+0000] {logging_mixin.py:188} WARNING - /home/***/.local/lib/python3.12/site-packages/***/task/task_runner/standard_task_runner.py:62 DeprecationWarning: This process (pid=228) is multi-threaded, use of fork() may lead to deadlocks in the child.
[2025-07-22T06:20:51.383+0000] {standard_task_runner.py:90} INFO - Running: ['***', 'tasks', 'run', 'conditional_prime_dag', 'T1', 'manual__2025-07-22T13:20:30+07:00', '--job-id', '9', '--raw', '--subdir', 'DAGS_FOLDER/task1.py', '--cfg-path', '/tmp/tmpvhmt1tmc']
[2025-07-22T06:20:51.387+0000] {standard_task_runner.py:64} INFO - Started process 229 to run task
[2025-07-22T06:20:51.387+0000] {standard_task_runner.py:91} INFO - Job 9: Subtask T1
[2025-07-22T06:20:51.407+0000] {logging_mixin.py:188} WARNING - /home/***/.local/lib/python3.12/site-packages/***/settings.py:195 DeprecationWarning: The sql_alchemy_conn option in [core] has been moved to the sql_alchemy_conn option in [database] - the old setting has been used, but please update your config.
[2025-07-22T06:20:51.459+0000] {task_command.py:426} INFO - Running <TaskInstance: conditional_prime_dag.T1 manual__2025-07-22T13:20:30+07:00 [running]> on host 7b3eb14378b0
[2025-07-22T06:20:51.595+0000] {taskinstance.py:2648} INFO - Exporting env vars: AIRFLOW_CTX_DAG_OWNER='***' AIRFLOW_CTX_DAG_ID='conditional_prime_dag' AIRFLOW_CTX_TASK_ID='T1' AIRFLOW_CTX_EXECUTION_DATE='2025-07-22T06:20:30+00:00' AIRFLOW_CTX_TRY_NUMBER='1' AIRFLOW_CTX_DAG_RUN_ID='manual__2025-07-22T13:20:30+07:00'
[2025-07-22T06:20:51.597+0000] {taskinstance.py:430} INFO - ::endgroup::
[2025-07-22T06:20:51.625+0000] {baseoperator.py:400} WARNING - BranchPythonOperator.execute cannot be called outside TaskInstance!
[2025-07-22T06:20:51.626+0000] {python.py:237} INFO - Done. Returned value was: T3
[2025-07-22T06:20:51.627+0000] {branch.py:36} INFO - Branch into T3
[2025-07-22T06:20:51.628+0000] {skipmixin.py:178} INFO - Following branch T3
[2025-07-22T06:20:51.647+0000] {skipmixin.py:246} INFO - Skipping tasks [('T2', -1)]
[2025-07-22T06:20:51.679+0000] {taskinstance.py:441} INFO - ::group::Post task execution logs
[2025-07-22T06:20:51.705+0000] {taskinstance.py:1206} INFO - Marking task as SUCCESS. dag_id=conditional_prime_dag, task_id=T1, run_id=manual__2025-07-22T13:20:30+07:00, execution_date=20250722T062030, start_date=20250722T062051, end_date=20250722T062051
[2025-07-22T06:20:51.763+0000] {local_task_job_runner.py:243} INFO - Task exited with return code 0
[2025-07-22T06:20:51.805+0000] {taskinstance.py:3503} INFO - 1 downstream tasks scheduled from follow-on schedule check
[2025-07-22T06:20:51.810+0000] {local_task_job_runner.py:222} INFO - ::endgroup::
