[2025-07-24T15:20:24.644+0000] {local_task_job_runner.py:120} INFO - ::group::Pre task execution logs
[2025-07-24T15:20:24.691+0000] {taskinstance.py:2076} INFO - Dependencies all met for dep_context=non-requeueable deps ti=<TaskInstance: tunestream_etl.stage_events manual__2025-07-24T15:20:21.779266+00:00 [queued]>
[2025-07-24T15:20:24.705+0000] {taskinstance.py:2076} INFO - Dependencies all met for dep_context=requeueable deps ti=<TaskInstance: tunestream_etl.stage_events manual__2025-07-24T15:20:21.779266+00:00 [queued]>
[2025-07-24T15:20:24.706+0000] {taskinstance.py:2306} INFO - Starting attempt 1 of 1
[2025-07-24T15:20:24.732+0000] {taskinstance.py:2330} INFO - Executing <Task(PythonOperator): stage_events> on 2025-07-24 15:20:21.779266+00:00
[2025-07-24T15:20:24.744+0000] {logging_mixin.py:188} WARNING - /home/***/.local/lib/python3.12/site-packages/***/task/task_runner/standard_task_runner.py:62 DeprecationWarning: This process (pid=3255) is multi-threaded, use of fork() may lead to deadlocks in the child.
[2025-07-24T15:20:24.744+0000] {standard_task_runner.py:90} INFO - Running: ['***', 'tasks', 'run', 'tunestream_etl', 'stage_events', 'manual__2025-07-24T15:20:21.779266+00:00', '--job-id', '52', '--raw', '--subdir', 'DAGS_FOLDER/tunestream_etl_dag.py', '--cfg-path', '/tmp/tmpi8ztjt7l']
[2025-07-24T15:20:24.745+0000] {standard_task_runner.py:64} INFO - Started process 3256 to run task
[2025-07-24T15:20:24.746+0000] {standard_task_runner.py:91} INFO - Job 52: Subtask stage_events
[2025-07-24T15:20:24.768+0000] {logging_mixin.py:188} WARNING - /home/***/.local/lib/python3.12/site-packages/***/settings.py:195 DeprecationWarning: The sql_alchemy_conn option in [core] has been moved to the sql_alchemy_conn option in [database] - the old setting has been used, but please update your config.
[2025-07-24T15:20:24.811+0000] {task_command.py:426} INFO - Running <TaskInstance: tunestream_etl.stage_events manual__2025-07-24T15:20:21.779266+00:00 [running]> on host da6b6b72382b
[2025-07-24T15:20:24.909+0000] {taskinstance.py:2648} INFO - Exporting env vars: AIRFLOW_CTX_DAG_OWNER='***' AIRFLOW_CTX_DAG_ID='tunestream_etl' AIRFLOW_CTX_TASK_ID='stage_events' AIRFLOW_CTX_EXECUTION_DATE='2025-07-24T15:20:21.779266+00:00' AIRFLOW_CTX_TRY_NUMBER='1' AIRFLOW_CTX_DAG_RUN_ID='manual__2025-07-24T15:20:21.779266+00:00'
[2025-07-24T15:20:24.910+0000] {taskinstance.py:430} INFO - ::endgroup::
[2025-07-24T15:20:24.927+0000] {logging_mixin.py:188} INFO - tổng số file json tìm được là 30
[2025-07-24T15:20:25.120+0000] {logging_mixin.py:188} INFO -  lỗi chèn relation "stage_songs" does not exist
LINE 2:     INSERT INTO stage_songs (artist,auth,firstName,gender,it...
                        ^
[2025-07-24T15:20:25.137+0000] {logging_mixin.py:188} INFO -  lỗi chèn current transaction is aborted, commands ignored until end of transaction block
[2025-07-24T15:20:25.147+0000] {logging_mixin.py:188} INFO -  lỗi chèn current transaction is aborted, commands ignored until end of transaction block
[2025-07-24T15:20:25.158+0000] {logging_mixin.py:188} INFO -  lỗi chèn current transaction is aborted, commands ignored until end of transaction block
[2025-07-24T15:20:25.174+0000] {logging_mixin.py:188} INFO -  lỗi chèn current transaction is aborted, commands ignored until end of transaction block
[2025-07-24T15:20:25.182+0000] {logging_mixin.py:188} INFO -  lỗi chèn current transaction is aborted, commands ignored until end of transaction block
[2025-07-24T15:20:25.193+0000] {logging_mixin.py:188} INFO -  lỗi chèn current transaction is aborted, commands ignored until end of transaction block
[2025-07-24T15:20:25.207+0000] {logging_mixin.py:188} INFO -  lỗi chèn current transaction is aborted, commands ignored until end of transaction block
[2025-07-24T15:20:25.218+0000] {logging_mixin.py:188} INFO -  lỗi chèn current transaction is aborted, commands ignored until end of transaction block
[2025-07-24T15:20:25.226+0000] {logging_mixin.py:188} INFO -  lỗi chèn current transaction is aborted, commands ignored until end of transaction block
[2025-07-24T15:20:25.235+0000] {logging_mixin.py:188} INFO -  lỗi chèn current transaction is aborted, commands ignored until end of transaction block
[2025-07-24T15:20:25.246+0000] {logging_mixin.py:188} INFO -  lỗi chèn current transaction is aborted, commands ignored until end of transaction block
[2025-07-24T15:20:25.257+0000] {logging_mixin.py:188} INFO -  lỗi chèn current transaction is aborted, commands ignored until end of transaction block
[2025-07-24T15:20:25.273+0000] {logging_mixin.py:188} INFO -  lỗi chèn current transaction is aborted, commands ignored until end of transaction block
[2025-07-24T15:20:25.288+0000] {logging_mixin.py:188} INFO -  lỗi chèn current transaction is aborted, commands ignored until end of transaction block
[2025-07-24T15:20:25.299+0000] {logging_mixin.py:188} INFO -  lỗi chèn current transaction is aborted, commands ignored until end of transaction block
[2025-07-24T15:20:25.306+0000] {logging_mixin.py:188} INFO -  lỗi chèn current transaction is aborted, commands ignored until end of transaction block
[2025-07-24T15:20:25.313+0000] {logging_mixin.py:188} INFO -  lỗi chèn current transaction is aborted, commands ignored until end of transaction block
[2025-07-24T15:20:25.325+0000] {logging_mixin.py:188} INFO -  lỗi chèn current transaction is aborted, commands ignored until end of transaction block
[2025-07-24T15:20:25.339+0000] {logging_mixin.py:188} INFO -  lỗi chèn current transaction is aborted, commands ignored until end of transaction block
[2025-07-24T15:20:25.357+0000] {logging_mixin.py:188} INFO -  lỗi chèn current transaction is aborted, commands ignored until end of transaction block
[2025-07-24T15:20:25.364+0000] {logging_mixin.py:188} INFO -  lỗi chèn current transaction is aborted, commands ignored until end of transaction block
[2025-07-24T15:20:25.377+0000] {logging_mixin.py:188} INFO -  lỗi chèn current transaction is aborted, commands ignored until end of transaction block
[2025-07-24T15:20:25.391+0000] {logging_mixin.py:188} INFO -  lỗi chèn current transaction is aborted, commands ignored until end of transaction block
[2025-07-24T15:20:25.397+0000] {logging_mixin.py:188} INFO -  lỗi chèn current transaction is aborted, commands ignored until end of transaction block
[2025-07-24T15:20:25.409+0000] {logging_mixin.py:188} INFO -  lỗi chèn current transaction is aborted, commands ignored until end of transaction block
[2025-07-24T15:20:25.421+0000] {logging_mixin.py:188} INFO -  lỗi chèn current transaction is aborted, commands ignored until end of transaction block
[2025-07-24T15:20:25.439+0000] {logging_mixin.py:188} INFO -  lỗi chèn current transaction is aborted, commands ignored until end of transaction block
[2025-07-24T15:20:25.452+0000] {logging_mixin.py:188} INFO -  lỗi chèn current transaction is aborted, commands ignored until end of transaction block
[2025-07-24T15:20:25.469+0000] {logging_mixin.py:188} INFO -  lỗi chèn current transaction is aborted, commands ignored until end of transaction block
[2025-07-24T15:20:25.470+0000] {logging_mixin.py:188} INFO - đã chèn dữ liệu vào 
[2025-07-24T15:20:25.471+0000] {python.py:237} INFO - Done. Returned value was: None
[2025-07-24T15:20:25.472+0000] {taskinstance.py:441} INFO - ::group::Post task execution logs
[2025-07-24T15:20:25.486+0000] {taskinstance.py:1206} INFO - Marking task as SUCCESS. dag_id=tunestream_etl, task_id=stage_events, run_id=manual__2025-07-24T15:20:21.779266+00:00, execution_date=20250724T152021, start_date=20250724T152024, end_date=20250724T152025
[2025-07-24T15:20:25.523+0000] {local_task_job_runner.py:243} INFO - Task exited with return code 0
[2025-07-24T15:20:25.551+0000] {taskinstance.py:3503} INFO - 1 downstream tasks scheduled from follow-on schedule check
[2025-07-24T15:20:25.554+0000] {local_task_job_runner.py:222} INFO - ::endgroup::
