[2025-07-21T04:28:38.773+0000] {local_task_job_runner.py:120} INFO - ::group::Pre task execution logs
[2025-07-21T04:28:38.848+0000] {taskinstance.py:2076} INFO - Dependencies all met for dep_context=non-requeueable deps ti=<TaskInstance: conditional_prime_dag.T1 manual__2025-07-21T11:28:23+07:00 [queued]>
[2025-07-21T04:28:38.878+0000] {taskinstance.py:2076} INFO - Dependencies all met for dep_context=requeueable deps ti=<TaskInstance: conditional_prime_dag.T1 manual__2025-07-21T11:28:23+07:00 [queued]>
[2025-07-21T04:28:38.878+0000] {taskinstance.py:2306} INFO - Starting attempt 1 of 1
[2025-07-21T04:28:38.912+0000] {taskinstance.py:2330} INFO - Executing <Task(BranchPythonOperator): T1> on 2025-07-21 04:28:23+00:00
[2025-07-21T04:28:38.922+0000] {standard_task_runner.py:90} INFO - Running: ['***', 'tasks', 'run', 'conditional_prime_dag', 'T1', 'manual__2025-07-21T11:28:23+07:00', '--job-id', '6', '--raw', '--subdir', 'DAGS_FOLDER/task1.py', '--cfg-path', '/tmp/tmpg849huq8']
[2025-07-21T04:28:38.931+0000] {logging_mixin.py:188} WARNING - /home/***/.local/lib/python3.12/site-packages/***/task/task_runner/standard_task_runner.py:62 DeprecationWarning: This process (pid=2044) is multi-threaded, use of fork() may lead to deadlocks in the child.
[2025-07-21T04:28:38.932+0000] {standard_task_runner.py:91} INFO - Job 6: Subtask T1
[2025-07-21T04:28:38.933+0000] {standard_task_runner.py:64} INFO - Started process 2045 to run task
[2025-07-21T04:28:38.955+0000] {logging_mixin.py:188} WARNING - /home/***/.local/lib/python3.12/site-packages/***/settings.py:195 DeprecationWarning: The sql_alchemy_conn option in [core] has been moved to the sql_alchemy_conn option in [database] - the old setting has been used, but please update your config.
[2025-07-21T04:28:39.014+0000] {task_command.py:426} INFO - Running <TaskInstance: conditional_prime_dag.T1 manual__2025-07-21T11:28:23+07:00 [running]> on host 7b3eb14378b0
[2025-07-21T04:28:39.198+0000] {taskinstance.py:2648} INFO - Exporting env vars: AIRFLOW_CTX_DAG_OWNER='***' AIRFLOW_CTX_DAG_ID='conditional_prime_dag' AIRFLOW_CTX_TASK_ID='T1' AIRFLOW_CTX_EXECUTION_DATE='2025-07-21T04:28:23+00:00' AIRFLOW_CTX_TRY_NUMBER='1' AIRFLOW_CTX_DAG_RUN_ID='manual__2025-07-21T11:28:23+07:00'
[2025-07-21T04:28:39.200+0000] {taskinstance.py:430} INFO - ::endgroup::
[2025-07-21T04:28:39.285+0000] {baseoperator.py:400} WARNING - BranchPythonOperator.execute cannot be called outside TaskInstance!
[2025-07-21T04:28:39.289+0000] {python.py:237} INFO - Done. Returned value was: T3
[2025-07-21T04:28:39.290+0000] {branch.py:36} INFO - Branch into T3
[2025-07-21T04:28:39.291+0000] {skipmixin.py:178} INFO - Following branch T3
[2025-07-21T04:28:39.328+0000] {skipmixin.py:246} INFO - Skipping tasks [('T2', -1)]
[2025-07-21T04:28:39.370+0000] {taskinstance.py:441} INFO - ::group::Post task execution logs
[2025-07-21T04:28:39.396+0000] {taskinstance.py:1206} INFO - Marking task as SUCCESS. dag_id=conditional_prime_dag, task_id=T1, run_id=manual__2025-07-21T11:28:23+07:00, execution_date=20250721T042823, start_date=20250721T042838, end_date=20250721T042839
[2025-07-21T04:28:39.443+0000] {local_task_job_runner.py:243} INFO - Task exited with return code 0
[2025-07-21T04:28:39.497+0000] {taskinstance.py:3503} INFO - 1 downstream tasks scheduled from follow-on schedule check
[2025-07-21T04:28:39.502+0000] {local_task_job_runner.py:222} INFO - ::endgroup::
