[2025-07-24T17:16:02.936+0000] {local_task_job_runner.py:120} INFO - ::group::Pre task execution logs
[2025-07-24T17:16:02.958+0000] {taskinstance.py:2076} INFO - Dependencies all met for dep_context=non-requeueable deps ti=<TaskInstance: tunestream_etl.stage_songs manual__2025-07-24T17:15:46.257989+00:00 [queued]>
[2025-07-24T17:16:02.967+0000] {taskinstance.py:2076} INFO - Dependencies all met for dep_context=requeueable deps ti=<TaskInstance: tunestream_etl.stage_songs manual__2025-07-24T17:15:46.257989+00:00 [queued]>
[2025-07-24T17:16:02.968+0000] {taskinstance.py:2306} INFO - Starting attempt 1 of 4
[2025-07-24T17:16:02.986+0000] {taskinstance.py:2330} INFO - Executing <Task(PythonOperator): stage_songs> on 2025-07-24 17:15:46.257989+00:00
[2025-07-24T17:16:02.993+0000] {standard_task_runner.py:90} INFO - Running: ['***', 'tasks', 'run', 'tunestream_etl', 'stage_songs', 'manual__2025-07-24T17:15:46.257989+00:00', '--job-id', '110', '--raw', '--subdir', 'DAGS_FOLDER/tunestream_etl_dag.py', '--cfg-path', '/tmp/tmp40ivtku1']
[2025-07-24T17:16:02.997+0000] {standard_task_runner.py:91} INFO - Job 110: Subtask stage_songs
[2025-07-24T17:16:03.010+0000] {logging_mixin.py:188} WARNING - /home/***/.local/lib/python3.12/site-packages/***/task/task_runner/standard_task_runner.py:62 DeprecationWarning: This process (pid=9535) is multi-threaded, use of fork() may lead to deadlocks in the child.
[2025-07-24T17:16:03.012+0000] {standard_task_runner.py:64} INFO - Started process 9536 to run task
[2025-07-24T17:16:03.018+0000] {logging_mixin.py:188} WARNING - /home/***/.local/lib/python3.12/site-packages/***/settings.py:195 DeprecationWarning: The sql_alchemy_conn option in [core] has been moved to the sql_alchemy_conn option in [database] - the old setting has been used, but please update your config.
[2025-07-24T17:16:03.047+0000] {task_command.py:426} INFO - Running <TaskInstance: tunestream_etl.stage_songs manual__2025-07-24T17:15:46.257989+00:00 [running]> on host da6b6b72382b
[2025-07-24T17:16:03.127+0000] {taskinstance.py:2648} INFO - Exporting env vars: AIRFLOW_CTX_DAG_OWNER='NamTH91' AIRFLOW_CTX_DAG_ID='tunestream_etl' AIRFLOW_CTX_TASK_ID='stage_songs' AIRFLOW_CTX_EXECUTION_DATE='2025-07-24T17:15:46.257989+00:00' AIRFLOW_CTX_TRY_NUMBER='1' AIRFLOW_CTX_DAG_RUN_ID='manual__2025-07-24T17:15:46.257989+00:00'
[2025-07-24T17:16:03.128+0000] {taskinstance.py:430} INFO - ::endgroup::
[2025-07-24T17:16:03.180+0000] {logging_mixin.py:188} INFO - tổng số file json tìm được là 71
[2025-07-24T17:16:06.928+0000] {logging_mixin.py:188} INFO - đã chèn dữ liệu vào 
[2025-07-24T17:16:06.929+0000] {python.py:237} INFO - Done. Returned value was: None
[2025-07-24T17:16:06.929+0000] {taskinstance.py:441} INFO - ::group::Post task execution logs
[2025-07-24T17:16:06.937+0000] {taskinstance.py:1206} INFO - Marking task as SUCCESS. dag_id=tunestream_etl, task_id=stage_songs, run_id=manual__2025-07-24T17:15:46.257989+00:00, execution_date=20250724T171546, start_date=20250724T171602, end_date=20250724T171606
[2025-07-24T17:16:06.964+0000] {local_task_job_runner.py:243} INFO - Task exited with return code 0
[2025-07-24T17:16:06.985+0000] {taskinstance.py:3503} INFO - 1 downstream tasks scheduled from follow-on schedule check
[2025-07-24T17:16:06.990+0000] {local_task_job_runner.py:222} INFO - ::endgroup::
