[2025-07-24T16:47:47.644+0000] {local_task_job_runner.py:120} INFO - ::group::Pre task execution logs
[2025-07-24T16:47:47.665+0000] {taskinstance.py:2076} INFO - Dependencies all met for dep_context=non-requeueable deps ti=<TaskInstance: tunestream_etl.load_songplays_face_table manual__2025-07-24T16:47:25.569659+00:00 [queued]>
[2025-07-24T16:47:47.673+0000] {taskinstance.py:2076} INFO - Dependencies all met for dep_context=requeueable deps ti=<TaskInstance: tunestream_etl.load_songplays_face_table manual__2025-07-24T16:47:25.569659+00:00 [queued]>
[2025-07-24T16:47:47.674+0000] {taskinstance.py:2306} INFO - Starting attempt 1 of 4
[2025-07-24T16:47:47.687+0000] {taskinstance.py:2330} INFO - Executing <Task(PythonOperator): load_songplays_face_table> on 2025-07-24 16:47:25.569659+00:00
[2025-07-24T16:47:47.692+0000] {standard_task_runner.py:90} INFO - Running: ['***', 'tasks', 'run', 'tunestream_etl', 'load_songplays_face_table', 'manual__2025-07-24T16:47:25.569659+00:00', '--job-id', '71', '--raw', '--subdir', 'DAGS_FOLDER/tunestream_etl_dag.py', '--cfg-path', '/tmp/tmp95fm2nfg']
[2025-07-24T16:47:47.694+0000] {standard_task_runner.py:91} INFO - Job 71: Subtask load_songplays_face_table
[2025-07-24T16:47:47.699+0000] {logging_mixin.py:188} WARNING - /home/***/.local/lib/python3.12/site-packages/***/task/task_runner/standard_task_runner.py:62 DeprecationWarning: This process (pid=7861) is multi-threaded, use of fork() may lead to deadlocks in the child.
[2025-07-24T16:47:47.699+0000] {standard_task_runner.py:64} INFO - Started process 7862 to run task
[2025-07-24T16:47:47.707+0000] {logging_mixin.py:188} WARNING - /home/***/.local/lib/python3.12/site-packages/***/settings.py:195 DeprecationWarning: The sql_alchemy_conn option in [core] has been moved to the sql_alchemy_conn option in [database] - the old setting has been used, but please update your config.
[2025-07-24T16:47:47.732+0000] {task_command.py:426} INFO - Running <TaskInstance: tunestream_etl.load_songplays_face_table manual__2025-07-24T16:47:25.569659+00:00 [running]> on host da6b6b72382b
[2025-07-24T16:47:47.798+0000] {taskinstance.py:2648} INFO - Exporting env vars: AIRFLOW_CTX_DAG_OWNER='NamTH91' AIRFLOW_CTX_DAG_ID='tunestream_etl' AIRFLOW_CTX_TASK_ID='load_songplays_face_table' AIRFLOW_CTX_EXECUTION_DATE='2025-07-24T16:47:25.569659+00:00' AIRFLOW_CTX_TRY_NUMBER='1' AIRFLOW_CTX_DAG_RUN_ID='manual__2025-07-24T16:47:25.569659+00:00'
[2025-07-24T16:47:47.798+0000] {taskinstance.py:430} INFO - ::endgroup::
[2025-07-24T16:47:47.862+0000] {taskinstance.py:441} INFO - ::group::Post task execution logs
[2025-07-24T16:47:47.863+0000] {taskinstance.py:2905} ERROR - Task failed with exception
Traceback (most recent call last):
  File "/home/airflow/.local/lib/python3.12/site-packages/airflow/models/taskinstance.py", line 465, in _execute_task
    result = _execute_callable(context=context, **execute_callable_kwargs)
             ^^^^^^^^^^^^^^^^^^^^^^^^^^^^^^^^^^^^^^^^^^^^^^^^^^^^^^^^^^^^^
  File "/home/airflow/.local/lib/python3.12/site-packages/airflow/models/taskinstance.py", line 432, in _execute_callable
    return execute_callable(context=context, **execute_callable_kwargs)
           ^^^^^^^^^^^^^^^^^^^^^^^^^^^^^^^^^^^^^^^^^^^^^^^^^^^^^^^^^^^^
  File "/home/airflow/.local/lib/python3.12/site-packages/airflow/models/baseoperator.py", line 401, in wrapper
    return func(self, *args, **kwargs)
           ^^^^^^^^^^^^^^^^^^^^^^^^^^^
  File "/home/airflow/.local/lib/python3.12/site-packages/airflow/operators/python.py", line 235, in execute
    return_value = self.execute_callable()
                   ^^^^^^^^^^^^^^^^^^^^^^^
  File "/home/airflow/.local/lib/python3.12/site-packages/airflow/operators/python.py", line 252, in execute_callable
    return self.python_callable(*self.op_args, **self.op_kwargs)
           ^^^^^^^^^^^^^^^^^^^^^^^^^^^^^^^^^^^^^^^^^^^^^^^^^^^^^
  File "/opt/airflow/dags/tunestream_etl_dag.py", line 169, in _run
    cur.execute(query)
psycopg2.errors.UndefinedFunction: operator does not exist: integer || timestamp without time zone
LINE 4:                 md5(events.sessionid || events.start_time) p...
                                             ^
HINT:  No operator matches the given name and argument types. You might need to add explicit type casts.

[2025-07-24T16:47:47.872+0000] {taskinstance.py:1206} INFO - Marking task as UP_FOR_RETRY. dag_id=tunestream_etl, task_id=load_songplays_face_table, run_id=manual__2025-07-24T16:47:25.569659+00:00, execution_date=20250724T164725, start_date=20250724T164747, end_date=20250724T164747
[2025-07-24T16:47:47.883+0000] {standard_task_runner.py:110} ERROR - Failed to execute job 71 for task load_songplays_face_table (operator does not exist: integer || timestamp without time zone
LINE 4:                 md5(events.sessionid || events.start_time) p...
                                             ^
HINT:  No operator matches the given name and argument types. You might need to add explicit type casts.
; 7862)
[2025-07-24T16:47:47.913+0000] {local_task_job_runner.py:243} INFO - Task exited with return code 1
[2025-07-24T16:47:47.931+0000] {taskinstance.py:3503} INFO - 0 downstream tasks scheduled from follow-on schedule check
[2025-07-24T16:47:47.934+0000] {local_task_job_runner.py:222} INFO - ::endgroup::
