[2025-07-24T15:22:23.569+0000] {local_task_job_runner.py:120} INFO - ::group::Pre task execution logs
[2025-07-24T15:22:23.594+0000] {taskinstance.py:2076} INFO - Dependencies all met for dep_context=non-requeueable deps ti=<TaskInstance: tunestream_etl.stage_songs manual__2025-07-24T15:22:18.308487+00:00 [queued]>
[2025-07-24T15:22:23.605+0000] {taskinstance.py:2076} INFO - Dependencies all met for dep_context=requeueable deps ti=<TaskInstance: tunestream_etl.stage_songs manual__2025-07-24T15:22:18.308487+00:00 [queued]>
[2025-07-24T15:22:23.606+0000] {taskinstance.py:2306} INFO - Starting attempt 1 of 4
[2025-07-24T15:22:23.627+0000] {taskinstance.py:2330} INFO - Executing <Task(PythonOperator): stage_songs> on 2025-07-24 15:22:18.308487+00:00
[2025-07-24T15:22:23.636+0000] {logging_mixin.py:188} WARNING - /home/***/.local/lib/python3.12/site-packages/***/task/task_runner/standard_task_runner.py:62 DeprecationWarning: This process (pid=3373) is multi-threaded, use of fork() may lead to deadlocks in the child.
[2025-07-24T15:22:23.637+0000] {standard_task_runner.py:64} INFO - Started process 3374 to run task
[2025-07-24T15:22:23.638+0000] {standard_task_runner.py:90} INFO - Running: ['***', 'tasks', 'run', 'tunestream_etl', 'stage_songs', 'manual__2025-07-24T15:22:18.308487+00:00', '--job-id', '55', '--raw', '--subdir', 'DAGS_FOLDER/tunestream_etl_dag.py', '--cfg-path', '/tmp/tmppj9z9f54']
[2025-07-24T15:22:23.640+0000] {standard_task_runner.py:91} INFO - Job 55: Subtask stage_songs
[2025-07-24T15:22:23.660+0000] {logging_mixin.py:188} WARNING - /home/***/.local/lib/python3.12/site-packages/***/settings.py:195 DeprecationWarning: The sql_alchemy_conn option in [core] has been moved to the sql_alchemy_conn option in [database] - the old setting has been used, but please update your config.
[2025-07-24T15:22:23.706+0000] {task_command.py:426} INFO - Running <TaskInstance: tunestream_etl.stage_songs manual__2025-07-24T15:22:18.308487+00:00 [running]> on host da6b6b72382b
[2025-07-24T15:22:23.829+0000] {taskinstance.py:2648} INFO - Exporting env vars: AIRFLOW_CTX_DAG_OWNER='NamTH91' AIRFLOW_CTX_DAG_ID='tunestream_etl' AIRFLOW_CTX_TASK_ID='stage_songs' AIRFLOW_CTX_EXECUTION_DATE='2025-07-24T15:22:18.308487+00:00' AIRFLOW_CTX_TRY_NUMBER='1' AIRFLOW_CTX_DAG_RUN_ID='manual__2025-07-24T15:22:18.308487+00:00'
[2025-07-24T15:22:23.830+0000] {taskinstance.py:430} INFO - ::endgroup::
[2025-07-24T15:22:23.918+0000] {logging_mixin.py:188} INFO - tổng số file json tìm được là 71
[2025-07-24T15:22:23.988+0000] {logging_mixin.py:188} INFO -  lỗi chèn tuple index out of range
[2025-07-24T15:22:23.993+0000] {logging_mixin.py:188} INFO -  lỗi chèn tuple index out of range
[2025-07-24T15:22:23.998+0000] {logging_mixin.py:188} INFO -  lỗi chèn tuple index out of range
[2025-07-24T15:22:24.003+0000] {logging_mixin.py:188} INFO -  lỗi chèn tuple index out of range
[2025-07-24T15:22:24.008+0000] {logging_mixin.py:188} INFO -  lỗi chèn tuple index out of range
[2025-07-24T15:22:24.013+0000] {logging_mixin.py:188} INFO -  lỗi chèn tuple index out of range
[2025-07-24T15:22:24.019+0000] {logging_mixin.py:188} INFO -  lỗi chèn tuple index out of range
[2025-07-24T15:22:24.024+0000] {logging_mixin.py:188} INFO -  lỗi chèn tuple index out of range
[2025-07-24T15:22:24.028+0000] {logging_mixin.py:188} INFO -  lỗi chèn tuple index out of range
[2025-07-24T15:22:24.034+0000] {logging_mixin.py:188} INFO -  lỗi chèn tuple index out of range
[2025-07-24T15:22:24.038+0000] {logging_mixin.py:188} INFO -  lỗi chèn tuple index out of range
[2025-07-24T15:22:24.044+0000] {logging_mixin.py:188} INFO -  lỗi chèn tuple index out of range
[2025-07-24T15:22:24.049+0000] {logging_mixin.py:188} INFO -  lỗi chèn tuple index out of range
[2025-07-24T15:22:24.053+0000] {logging_mixin.py:188} INFO -  lỗi chèn tuple index out of range
[2025-07-24T15:22:24.058+0000] {logging_mixin.py:188} INFO -  lỗi chèn tuple index out of range
[2025-07-24T15:22:24.063+0000] {logging_mixin.py:188} INFO -  lỗi chèn tuple index out of range
[2025-07-24T15:22:24.068+0000] {logging_mixin.py:188} INFO -  lỗi chèn tuple index out of range
[2025-07-24T15:22:24.073+0000] {logging_mixin.py:188} INFO -  lỗi chèn tuple index out of range
[2025-07-24T15:22:24.079+0000] {logging_mixin.py:188} INFO -  lỗi chèn tuple index out of range
[2025-07-24T15:22:24.083+0000] {logging_mixin.py:188} INFO -  lỗi chèn tuple index out of range
[2025-07-24T15:22:24.088+0000] {logging_mixin.py:188} INFO -  lỗi chèn tuple index out of range
[2025-07-24T15:22:24.094+0000] {logging_mixin.py:188} INFO -  lỗi chèn tuple index out of range
[2025-07-24T15:22:24.098+0000] {logging_mixin.py:188} INFO -  lỗi chèn tuple index out of range
[2025-07-24T15:22:24.103+0000] {logging_mixin.py:188} INFO -  lỗi chèn tuple index out of range
[2025-07-24T15:22:24.108+0000] {logging_mixin.py:188} INFO -  lỗi chèn tuple index out of range
[2025-07-24T15:22:24.113+0000] {logging_mixin.py:188} INFO -  lỗi chèn tuple index out of range
[2025-07-24T15:22:24.117+0000] {logging_mixin.py:188} INFO -  lỗi chèn tuple index out of range
[2025-07-24T15:22:24.123+0000] {logging_mixin.py:188} INFO -  lỗi chèn tuple index out of range
[2025-07-24T15:22:24.128+0000] {logging_mixin.py:188} INFO -  lỗi chèn tuple index out of range
[2025-07-24T15:22:24.133+0000] {logging_mixin.py:188} INFO -  lỗi chèn tuple index out of range
[2025-07-24T15:22:24.137+0000] {logging_mixin.py:188} INFO -  lỗi chèn tuple index out of range
[2025-07-24T15:22:24.142+0000] {logging_mixin.py:188} INFO -  lỗi chèn tuple index out of range
[2025-07-24T15:22:24.146+0000] {logging_mixin.py:188} INFO -  lỗi chèn tuple index out of range
[2025-07-24T15:22:24.151+0000] {logging_mixin.py:188} INFO -  lỗi chèn tuple index out of range
[2025-07-24T15:22:24.155+0000] {logging_mixin.py:188} INFO -  lỗi chèn tuple index out of range
[2025-07-24T15:22:24.160+0000] {logging_mixin.py:188} INFO -  lỗi chèn tuple index out of range
[2025-07-24T15:22:24.164+0000] {logging_mixin.py:188} INFO -  lỗi chèn tuple index out of range
[2025-07-24T15:22:24.168+0000] {logging_mixin.py:188} INFO -  lỗi chèn tuple index out of range
[2025-07-24T15:22:24.173+0000] {logging_mixin.py:188} INFO -  lỗi chèn tuple index out of range
[2025-07-24T15:22:24.177+0000] {logging_mixin.py:188} INFO -  lỗi chèn tuple index out of range
[2025-07-24T15:22:24.181+0000] {logging_mixin.py:188} INFO -  lỗi chèn tuple index out of range
[2025-07-24T15:22:24.186+0000] {logging_mixin.py:188} INFO -  lỗi chèn tuple index out of range
[2025-07-24T15:22:24.195+0000] {logging_mixin.py:188} INFO -  lỗi chèn tuple index out of range
[2025-07-24T15:22:24.208+0000] {logging_mixin.py:188} INFO -  lỗi chèn tuple index out of range
[2025-07-24T15:22:24.213+0000] {logging_mixin.py:188} INFO -  lỗi chèn tuple index out of range
[2025-07-24T15:22:24.219+0000] {logging_mixin.py:188} INFO -  lỗi chèn tuple index out of range
[2025-07-24T15:22:24.223+0000] {logging_mixin.py:188} INFO -  lỗi chèn tuple index out of range
[2025-07-24T15:22:24.228+0000] {logging_mixin.py:188} INFO -  lỗi chèn tuple index out of range
[2025-07-24T15:22:24.232+0000] {logging_mixin.py:188} INFO -  lỗi chèn tuple index out of range
[2025-07-24T15:22:24.238+0000] {logging_mixin.py:188} INFO -  lỗi chèn tuple index out of range
[2025-07-24T15:22:24.243+0000] {logging_mixin.py:188} INFO -  lỗi chèn tuple index out of range
[2025-07-24T15:22:24.248+0000] {logging_mixin.py:188} INFO -  lỗi chèn tuple index out of range
[2025-07-24T15:22:24.253+0000] {logging_mixin.py:188} INFO -  lỗi chèn tuple index out of range
[2025-07-24T15:22:24.258+0000] {logging_mixin.py:188} INFO -  lỗi chèn tuple index out of range
[2025-07-24T15:22:24.263+0000] {logging_mixin.py:188} INFO -  lỗi chèn tuple index out of range
[2025-07-24T15:22:24.267+0000] {logging_mixin.py:188} INFO -  lỗi chèn tuple index out of range
[2025-07-24T15:22:24.272+0000] {logging_mixin.py:188} INFO -  lỗi chèn tuple index out of range
[2025-07-24T15:22:24.277+0000] {logging_mixin.py:188} INFO -  lỗi chèn tuple index out of range
[2025-07-24T15:22:24.282+0000] {logging_mixin.py:188} INFO -  lỗi chèn tuple index out of range
[2025-07-24T15:22:24.287+0000] {logging_mixin.py:188} INFO -  lỗi chèn tuple index out of range
[2025-07-24T15:22:24.291+0000] {logging_mixin.py:188} INFO -  lỗi chèn tuple index out of range
[2025-07-24T15:22:24.295+0000] {logging_mixin.py:188} INFO -  lỗi chèn tuple index out of range
[2025-07-24T15:22:24.299+0000] {logging_mixin.py:188} INFO -  lỗi chèn tuple index out of range
[2025-07-24T15:22:24.304+0000] {logging_mixin.py:188} INFO -  lỗi chèn tuple index out of range
[2025-07-24T15:22:24.308+0000] {logging_mixin.py:188} INFO -  lỗi chèn tuple index out of range
[2025-07-24T15:22:24.312+0000] {logging_mixin.py:188} INFO -  lỗi chèn tuple index out of range
[2025-07-24T15:22:24.317+0000] {logging_mixin.py:188} INFO -  lỗi chèn tuple index out of range
[2025-07-24T15:22:24.322+0000] {logging_mixin.py:188} INFO -  lỗi chèn tuple index out of range
[2025-07-24T15:22:24.327+0000] {logging_mixin.py:188} INFO -  lỗi chèn tuple index out of range
[2025-07-24T15:22:24.332+0000] {logging_mixin.py:188} INFO -  lỗi chèn tuple index out of range
[2025-07-24T15:22:24.338+0000] {logging_mixin.py:188} INFO -  lỗi chèn tuple index out of range
[2025-07-24T15:22:24.339+0000] {logging_mixin.py:188} INFO - đã chèn dữ liệu vào 
[2025-07-24T15:22:24.340+0000] {python.py:237} INFO - Done. Returned value was: None
[2025-07-24T15:22:24.341+0000] {taskinstance.py:441} INFO - ::group::Post task execution logs
[2025-07-24T15:22:24.352+0000] {taskinstance.py:1206} INFO - Marking task as SUCCESS. dag_id=tunestream_etl, task_id=stage_songs, run_id=manual__2025-07-24T15:22:18.308487+00:00, execution_date=20250724T152218, start_date=20250724T152223, end_date=20250724T152224
[2025-07-24T15:22:24.413+0000] {local_task_job_runner.py:243} INFO - Task exited with return code 0
[2025-07-24T15:22:24.433+0000] {taskinstance.py:3503} INFO - 0 downstream tasks scheduled from follow-on schedule check
[2025-07-24T15:22:24.437+0000] {local_task_job_runner.py:222} INFO - ::endgroup::
