[2025-07-24T17:15:18.012+0000] {local_task_job_runner.py:120} INFO - ::group::Pre task execution logs
[2025-07-24T17:15:18.075+0000] {taskinstance.py:2076} INFO - Dependencies all met for dep_context=non-requeueable deps ti=<TaskInstance: tunestream_etl.data_quality_check manual__2025-07-24T17:11:55.182686+00:00 [queued]>
[2025-07-24T17:15:18.103+0000] {taskinstance.py:2076} INFO - Dependencies all met for dep_context=requeueable deps ti=<TaskInstance: tunestream_etl.data_quality_check manual__2025-07-24T17:11:55.182686+00:00 [queued]>
[2025-07-24T17:15:18.105+0000] {taskinstance.py:2306} INFO - Starting attempt 1 of 4
[2025-07-24T17:15:18.137+0000] {taskinstance.py:2330} INFO - Executing <Task(PythonOperator): data_quality_check> on 2025-07-24 17:11:55.182686+00:00
[2025-07-24T17:15:18.149+0000] {standard_task_runner.py:90} INFO - Running: ['***', 'tasks', 'run', 'tunestream_etl', 'data_quality_check', 'manual__2025-07-24T17:11:55.182686+00:00', '--job-id', '108', '--raw', '--subdir', 'DAGS_FOLDER/tunestream_etl_dag.py', '--cfg-path', '/tmp/tmpf501jpr4']
[2025-07-24T17:15:18.176+0000] {standard_task_runner.py:91} INFO - Job 108: Subtask data_quality_check
[2025-07-24T17:15:18.186+0000] {logging_mixin.py:188} WARNING - /home/***/.local/lib/python3.12/site-packages/***/task/task_runner/standard_task_runner.py:62 DeprecationWarning: This process (pid=9494) is multi-threaded, use of fork() may lead to deadlocks in the child.
[2025-07-24T17:15:18.187+0000] {standard_task_runner.py:64} INFO - Started process 9500 to run task
[2025-07-24T17:15:18.239+0000] {logging_mixin.py:188} WARNING - /home/***/.local/lib/python3.12/site-packages/***/settings.py:195 DeprecationWarning: The sql_alchemy_conn option in [core] has been moved to the sql_alchemy_conn option in [database] - the old setting has been used, but please update your config.
[2025-07-24T17:15:18.289+0000] {task_command.py:426} INFO - Running <TaskInstance: tunestream_etl.data_quality_check manual__2025-07-24T17:11:55.182686+00:00 [running]> on host da6b6b72382b
[2025-07-24T17:15:18.552+0000] {taskinstance.py:2648} INFO - Exporting env vars: AIRFLOW_CTX_DAG_OWNER='NamTH91' AIRFLOW_CTX_DAG_ID='tunestream_etl' AIRFLOW_CTX_TASK_ID='data_quality_check' AIRFLOW_CTX_EXECUTION_DATE='2025-07-24T17:11:55.182686+00:00' AIRFLOW_CTX_TRY_NUMBER='1' AIRFLOW_CTX_DAG_RUN_ID='manual__2025-07-24T17:11:55.182686+00:00'
[2025-07-24T17:15:18.554+0000] {taskinstance.py:430} INFO - ::endgroup::
[2025-07-24T17:15:18.724+0000] {logging_mixin.py:188} INFO - bảng songplays đã được load data
[2025-07-24T17:15:18.735+0000] {logging_mixin.py:188} INFO - bảng songplays ok 
[2025-07-24T17:15:18.737+0000] {logging_mixin.py:188} INFO - bảng songplays ko có null 
[2025-07-24T17:15:18.739+0000] {logging_mixin.py:188} INFO - bảng users rỗng
[2025-07-24T17:15:18.740+0000] {logging_mixin.py:188} INFO - bảng users ok 
[2025-07-24T17:15:18.741+0000] {logging_mixin.py:188} INFO - bảng users ko có null 
[2025-07-24T17:15:18.747+0000] {logging_mixin.py:188} INFO - bảng songs đã được load data
[2025-07-24T17:15:18.748+0000] {logging_mixin.py:188} INFO - bảng songs ok 
[2025-07-24T17:15:18.749+0000] {logging_mixin.py:188} INFO - bảng songs ko có null 
[2025-07-24T17:15:18.751+0000] {logging_mixin.py:188} INFO - bảng artists đã được load data
[2025-07-24T17:15:18.752+0000] {logging_mixin.py:188} INFO - bảng artists ok 
[2025-07-24T17:15:18.753+0000] {logging_mixin.py:188} INFO - bảng artists ko có null 
[2025-07-24T17:15:18.755+0000] {logging_mixin.py:188} INFO - bảng time rỗng
[2025-07-24T17:15:18.756+0000] {logging_mixin.py:188} INFO - bảng time ok 
[2025-07-24T17:15:18.758+0000] {logging_mixin.py:188} INFO - bảng time ko có null 
[2025-07-24T17:15:18.759+0000] {python.py:237} INFO - Done. Returned value was: None
[2025-07-24T17:15:18.760+0000] {taskinstance.py:441} INFO - ::group::Post task execution logs
[2025-07-24T17:15:18.768+0000] {taskinstance.py:1206} INFO - Marking task as SUCCESS. dag_id=tunestream_etl, task_id=data_quality_check, run_id=manual__2025-07-24T17:11:55.182686+00:00, execution_date=20250724T171155, start_date=20250724T171518, end_date=20250724T171518
[2025-07-24T17:15:18.811+0000] {local_task_job_runner.py:243} INFO - Task exited with return code 0
[2025-07-24T17:15:18.827+0000] {taskinstance.py:3503} INFO - 0 downstream tasks scheduled from follow-on schedule check
[2025-07-24T17:15:18.831+0000] {local_task_job_runner.py:222} INFO - ::endgroup::
