[2025-07-24T17:21:10.952+0000] {local_task_job_runner.py:120} INFO - ::group::Pre task execution logs
[2025-07-24T17:21:10.982+0000] {taskinstance.py:2076} INFO - Dependencies all met for dep_context=non-requeueable deps ti=<TaskInstance: tunestream_etl.stage_songs manual__2025-07-24T17:20:50.726143+00:00 [queued]>
[2025-07-24T17:21:10.991+0000] {taskinstance.py:2076} INFO - Dependencies all met for dep_context=requeueable deps ti=<TaskInstance: tunestream_etl.stage_songs manual__2025-07-24T17:20:50.726143+00:00 [queued]>
[2025-07-24T17:21:10.991+0000] {taskinstance.py:2306} INFO - Starting attempt 1 of 4
[2025-07-24T17:21:11.010+0000] {taskinstance.py:2330} INFO - Executing <Task(PythonOperator): stage_songs> on 2025-07-24 17:20:50.726143+00:00
[2025-07-24T17:21:11.018+0000] {standard_task_runner.py:90} INFO - Running: ['***', 'tasks', 'run', 'tunestream_etl', 'stage_songs', 'manual__2025-07-24T17:20:50.726143+00:00', '--job-id', '124', '--raw', '--subdir', 'DAGS_FOLDER/tunestream_etl_dag.py', '--cfg-path', '/tmp/tmp6ecn1nyv']
[2025-07-24T17:21:11.020+0000] {standard_task_runner.py:91} INFO - Job 124: Subtask stage_songs
[2025-07-24T17:21:11.035+0000] {logging_mixin.py:188} WARNING - /home/***/.local/lib/python3.12/site-packages/***/task/task_runner/standard_task_runner.py:62 DeprecationWarning: This process (pid=9839) is multi-threaded, use of fork() may lead to deadlocks in the child.
[2025-07-24T17:21:11.035+0000] {standard_task_runner.py:64} INFO - Started process 9840 to run task
[2025-07-24T17:21:11.039+0000] {logging_mixin.py:188} WARNING - /home/***/.local/lib/python3.12/site-packages/***/settings.py:195 DeprecationWarning: The sql_alchemy_conn option in [core] has been moved to the sql_alchemy_conn option in [database] - the old setting has been used, but please update your config.
[2025-07-24T17:21:11.071+0000] {task_command.py:426} INFO - Running <TaskInstance: tunestream_etl.stage_songs manual__2025-07-24T17:20:50.726143+00:00 [running]> on host da6b6b72382b
[2025-07-24T17:21:11.163+0000] {taskinstance.py:2648} INFO - Exporting env vars: AIRFLOW_CTX_DAG_OWNER='NamTH91' AIRFLOW_CTX_DAG_ID='tunestream_etl' AIRFLOW_CTX_TASK_ID='stage_songs' AIRFLOW_CTX_EXECUTION_DATE='2025-07-24T17:20:50.726143+00:00' AIRFLOW_CTX_TRY_NUMBER='1' AIRFLOW_CTX_DAG_RUN_ID='manual__2025-07-24T17:20:50.726143+00:00'
[2025-07-24T17:21:11.165+0000] {taskinstance.py:430} INFO - ::endgroup::
[2025-07-24T17:21:11.232+0000] {logging_mixin.py:188} INFO - tổng số file json tìm được là 71
[2025-07-24T17:21:11.753+0000] {logging_mixin.py:188} INFO - đã chèn dữ liệu vào 
[2025-07-24T17:21:11.754+0000] {python.py:237} INFO - Done. Returned value was: None
[2025-07-24T17:21:11.754+0000] {taskinstance.py:441} INFO - ::group::Post task execution logs
[2025-07-24T17:21:11.763+0000] {taskinstance.py:1206} INFO - Marking task as SUCCESS. dag_id=tunestream_etl, task_id=stage_songs, run_id=manual__2025-07-24T17:20:50.726143+00:00, execution_date=20250724T172050, start_date=20250724T172110, end_date=20250724T172111
[2025-07-24T17:21:11.811+0000] {local_task_job_runner.py:243} INFO - Task exited with return code 0
[2025-07-24T17:21:11.837+0000] {taskinstance.py:3503} INFO - 1 downstream tasks scheduled from follow-on schedule check
[2025-07-24T17:21:11.842+0000] {local_task_job_runner.py:222} INFO - ::endgroup::
