[2025-07-24T15:22:21.757+0000] {local_task_job_runner.py:120} INFO - ::group::Pre task execution logs
[2025-07-24T15:22:21.841+0000] {taskinstance.py:2076} INFO - Dependencies all met for dep_context=non-requeueable deps ti=<TaskInstance: tunestream_etl.stage_events manual__2025-07-24T15:22:18.308487+00:00 [queued]>
[2025-07-24T15:22:21.858+0000] {taskinstance.py:2076} INFO - Dependencies all met for dep_context=requeueable deps ti=<TaskInstance: tunestream_etl.stage_events manual__2025-07-24T15:22:18.308487+00:00 [queued]>
[2025-07-24T15:22:21.859+0000] {taskinstance.py:2306} INFO - Starting attempt 1 of 1
[2025-07-24T15:22:21.886+0000] {taskinstance.py:2330} INFO - Executing <Task(PythonOperator): stage_events> on 2025-07-24 15:22:18.308487+00:00
[2025-07-24T15:22:21.898+0000] {logging_mixin.py:188} WARNING - /home/***/.local/lib/python3.12/site-packages/***/task/task_runner/standard_task_runner.py:62 DeprecationWarning: This process (pid=3371) is multi-threaded, use of fork() may lead to deadlocks in the child.
[2025-07-24T15:22:21.897+0000] {standard_task_runner.py:90} INFO - Running: ['***', 'tasks', 'run', 'tunestream_etl', 'stage_events', 'manual__2025-07-24T15:22:18.308487+00:00', '--job-id', '54', '--raw', '--subdir', 'DAGS_FOLDER/tunestream_etl_dag.py', '--cfg-path', '/tmp/tmptqpivn3o']
[2025-07-24T15:22:21.899+0000] {standard_task_runner.py:64} INFO - Started process 3372 to run task
[2025-07-24T15:22:21.900+0000] {standard_task_runner.py:91} INFO - Job 54: Subtask stage_events
[2025-07-24T15:22:21.927+0000] {logging_mixin.py:188} WARNING - /home/***/.local/lib/python3.12/site-packages/***/settings.py:195 DeprecationWarning: The sql_alchemy_conn option in [core] has been moved to the sql_alchemy_conn option in [database] - the old setting has been used, but please update your config.
[2025-07-24T15:22:21.985+0000] {task_command.py:426} INFO - Running <TaskInstance: tunestream_etl.stage_events manual__2025-07-24T15:22:18.308487+00:00 [running]> on host da6b6b72382b
[2025-07-24T15:22:22.177+0000] {taskinstance.py:2648} INFO - Exporting env vars: AIRFLOW_CTX_DAG_OWNER='***' AIRFLOW_CTX_DAG_ID='tunestream_etl' AIRFLOW_CTX_TASK_ID='stage_events' AIRFLOW_CTX_EXECUTION_DATE='2025-07-24T15:22:18.308487+00:00' AIRFLOW_CTX_TRY_NUMBER='1' AIRFLOW_CTX_DAG_RUN_ID='manual__2025-07-24T15:22:18.308487+00:00'
[2025-07-24T15:22:22.179+0000] {taskinstance.py:430} INFO - ::endgroup::
[2025-07-24T15:22:22.233+0000] {logging_mixin.py:188} INFO - tổng số file json tìm được là 30
[2025-07-24T15:22:22.415+0000] {logging_mixin.py:188} INFO -  lỗi chèn permission denied for table staging_events
[2025-07-24T15:22:22.429+0000] {logging_mixin.py:188} INFO -  lỗi chèn current transaction is aborted, commands ignored until end of transaction block
[2025-07-24T15:22:22.438+0000] {logging_mixin.py:188} INFO -  lỗi chèn current transaction is aborted, commands ignored until end of transaction block
[2025-07-24T15:22:22.452+0000] {logging_mixin.py:188} INFO -  lỗi chèn current transaction is aborted, commands ignored until end of transaction block
[2025-07-24T15:22:22.527+0000] {logging_mixin.py:188} INFO -  lỗi chèn current transaction is aborted, commands ignored until end of transaction block
[2025-07-24T15:22:22.537+0000] {logging_mixin.py:188} INFO -  lỗi chèn current transaction is aborted, commands ignored until end of transaction block
[2025-07-24T15:22:22.547+0000] {logging_mixin.py:188} INFO -  lỗi chèn current transaction is aborted, commands ignored until end of transaction block
[2025-07-24T15:22:22.558+0000] {logging_mixin.py:188} INFO -  lỗi chèn current transaction is aborted, commands ignored until end of transaction block
[2025-07-24T15:22:22.574+0000] {logging_mixin.py:188} INFO -  lỗi chèn current transaction is aborted, commands ignored until end of transaction block
[2025-07-24T15:22:22.582+0000] {logging_mixin.py:188} INFO -  lỗi chèn current transaction is aborted, commands ignored until end of transaction block
[2025-07-24T15:22:22.590+0000] {logging_mixin.py:188} INFO -  lỗi chèn current transaction is aborted, commands ignored until end of transaction block
[2025-07-24T15:22:22.605+0000] {logging_mixin.py:188} INFO -  lỗi chèn current transaction is aborted, commands ignored until end of transaction block
[2025-07-24T15:22:22.625+0000] {logging_mixin.py:188} INFO -  lỗi chèn current transaction is aborted, commands ignored until end of transaction block
[2025-07-24T15:22:22.654+0000] {logging_mixin.py:188} INFO -  lỗi chèn current transaction is aborted, commands ignored until end of transaction block
[2025-07-24T15:22:22.677+0000] {logging_mixin.py:188} INFO -  lỗi chèn current transaction is aborted, commands ignored until end of transaction block
[2025-07-24T15:22:22.700+0000] {logging_mixin.py:188} INFO -  lỗi chèn current transaction is aborted, commands ignored until end of transaction block
[2025-07-24T15:22:22.715+0000] {logging_mixin.py:188} INFO -  lỗi chèn current transaction is aborted, commands ignored until end of transaction block
[2025-07-24T15:22:22.731+0000] {logging_mixin.py:188} INFO -  lỗi chèn current transaction is aborted, commands ignored until end of transaction block
[2025-07-24T15:22:22.747+0000] {logging_mixin.py:188} INFO -  lỗi chèn current transaction is aborted, commands ignored until end of transaction block
[2025-07-24T15:22:22.765+0000] {logging_mixin.py:188} INFO -  lỗi chèn current transaction is aborted, commands ignored until end of transaction block
[2025-07-24T15:22:22.786+0000] {logging_mixin.py:188} INFO -  lỗi chèn current transaction is aborted, commands ignored until end of transaction block
[2025-07-24T15:22:22.794+0000] {logging_mixin.py:188} INFO -  lỗi chèn current transaction is aborted, commands ignored until end of transaction block
[2025-07-24T15:22:22.811+0000] {logging_mixin.py:188} INFO -  lỗi chèn current transaction is aborted, commands ignored until end of transaction block
[2025-07-24T15:22:22.830+0000] {logging_mixin.py:188} INFO -  lỗi chèn current transaction is aborted, commands ignored until end of transaction block
[2025-07-24T15:22:22.839+0000] {logging_mixin.py:188} INFO -  lỗi chèn current transaction is aborted, commands ignored until end of transaction block
[2025-07-24T15:22:22.853+0000] {logging_mixin.py:188} INFO -  lỗi chèn current transaction is aborted, commands ignored until end of transaction block
[2025-07-24T15:22:22.914+0000] {logging_mixin.py:188} INFO -  lỗi chèn current transaction is aborted, commands ignored until end of transaction block
[2025-07-24T15:22:22.958+0000] {logging_mixin.py:188} INFO -  lỗi chèn current transaction is aborted, commands ignored until end of transaction block
[2025-07-24T15:22:22.978+0000] {logging_mixin.py:188} INFO -  lỗi chèn current transaction is aborted, commands ignored until end of transaction block
[2025-07-24T15:22:23.008+0000] {logging_mixin.py:188} INFO -  lỗi chèn current transaction is aborted, commands ignored until end of transaction block
[2025-07-24T15:22:23.010+0000] {logging_mixin.py:188} INFO - đã chèn dữ liệu vào 
[2025-07-24T15:22:23.011+0000] {python.py:237} INFO - Done. Returned value was: None
[2025-07-24T15:22:23.012+0000] {taskinstance.py:441} INFO - ::group::Post task execution logs
[2025-07-24T15:22:23.030+0000] {taskinstance.py:1206} INFO - Marking task as SUCCESS. dag_id=tunestream_etl, task_id=stage_events, run_id=manual__2025-07-24T15:22:18.308487+00:00, execution_date=20250724T152218, start_date=20250724T152221, end_date=20250724T152223
[2025-07-24T15:22:23.081+0000] {local_task_job_runner.py:243} INFO - Task exited with return code 0
[2025-07-24T15:22:23.142+0000] {taskinstance.py:3503} INFO - 1 downstream tasks scheduled from follow-on schedule check
[2025-07-24T15:22:23.152+0000] {local_task_job_runner.py:222} INFO - ::endgroup::
