[2025-07-24T17:03:27.975+0000] {local_task_job_runner.py:120} INFO - ::group::Pre task execution logs
[2025-07-24T17:03:27.995+0000] {taskinstance.py:2076} INFO - Dependencies all met for dep_context=non-requeueable deps ti=<TaskInstance: tunestream_etl.stage_songs manual__2025-07-24T17:03:06.116098+00:00 [queued]>
[2025-07-24T17:03:28.002+0000] {taskinstance.py:2076} INFO - Dependencies all met for dep_context=requeueable deps ti=<TaskInstance: tunestream_etl.stage_songs manual__2025-07-24T17:03:06.116098+00:00 [queued]>
[2025-07-24T17:03:28.002+0000] {taskinstance.py:2306} INFO - Starting attempt 1 of 4
[2025-07-24T17:03:28.015+0000] {taskinstance.py:2330} INFO - Executing <Task(PythonOperator): stage_songs> on 2025-07-24 17:03:06.116098+00:00
[2025-07-24T17:03:28.021+0000] {standard_task_runner.py:90} INFO - Running: ['***', 'tasks', 'run', 'tunestream_etl', 'stage_songs', 'manual__2025-07-24T17:03:06.116098+00:00', '--job-id', '86', '--raw', '--subdir', 'DAGS_FOLDER/tunestream_etl_dag.py', '--cfg-path', '/tmp/tmp6eztpwe5']
[2025-07-24T17:03:28.024+0000] {standard_task_runner.py:91} INFO - Job 86: Subtask stage_songs
[2025-07-24T17:03:28.035+0000] {logging_mixin.py:188} WARNING - /home/***/.local/lib/python3.12/site-packages/***/task/task_runner/standard_task_runner.py:62 DeprecationWarning: This process (pid=8750) is multi-threaded, use of fork() may lead to deadlocks in the child.
[2025-07-24T17:03:28.035+0000] {standard_task_runner.py:64} INFO - Started process 8751 to run task
[2025-07-24T17:03:28.038+0000] {logging_mixin.py:188} WARNING - /home/***/.local/lib/python3.12/site-packages/***/settings.py:195 DeprecationWarning: The sql_alchemy_conn option in [core] has been moved to the sql_alchemy_conn option in [database] - the old setting has been used, but please update your config.
[2025-07-24T17:03:28.066+0000] {task_command.py:426} INFO - Running <TaskInstance: tunestream_etl.stage_songs manual__2025-07-24T17:03:06.116098+00:00 [running]> on host da6b6b72382b
[2025-07-24T17:03:28.147+0000] {taskinstance.py:2648} INFO - Exporting env vars: AIRFLOW_CTX_DAG_OWNER='NamTH91' AIRFLOW_CTX_DAG_ID='tunestream_etl' AIRFLOW_CTX_TASK_ID='stage_songs' AIRFLOW_CTX_EXECUTION_DATE='2025-07-24T17:03:06.116098+00:00' AIRFLOW_CTX_TRY_NUMBER='1' AIRFLOW_CTX_DAG_RUN_ID='manual__2025-07-24T17:03:06.116098+00:00'
[2025-07-24T17:03:28.149+0000] {taskinstance.py:430} INFO - ::endgroup::
[2025-07-24T17:03:28.203+0000] {logging_mixin.py:188} INFO - tổng số file json tìm được là 71
[2025-07-24T17:03:28.566+0000] {logging_mixin.py:188} INFO - đã chèn dữ liệu vào 
[2025-07-24T17:03:28.567+0000] {python.py:237} INFO - Done. Returned value was: None
[2025-07-24T17:03:28.568+0000] {taskinstance.py:441} INFO - ::group::Post task execution logs
[2025-07-24T17:03:28.575+0000] {taskinstance.py:1206} INFO - Marking task as SUCCESS. dag_id=tunestream_etl, task_id=stage_songs, run_id=manual__2025-07-24T17:03:06.116098+00:00, execution_date=20250724T170306, start_date=20250724T170327, end_date=20250724T170328
[2025-07-24T17:03:28.610+0000] {local_task_job_runner.py:243} INFO - Task exited with return code 0
[2025-07-24T17:03:28.634+0000] {taskinstance.py:3503} INFO - 1 downstream tasks scheduled from follow-on schedule check
[2025-07-24T17:03:28.638+0000] {local_task_job_runner.py:222} INFO - ::endgroup::
